[20:44:42:346]connect_auto_select
[20:44:42:349]\\?\hid#vid_1532&pid_0552&mi_03&col01#8&132b5ccb&0&0000#{4d1e55b2-f16f-11cf-88cb-001111000030}
[20:44:42:349]\\?\hid#vid_1532&pid_0552&mi_03&col02#8&132b5ccb&0&0001#{4d1e55b2-f16f-11cf-88cb-001111000030}
[20:44:42:350]id=VID=1532,PID=0552
[20:44:42:352]	caps.Usage=0x0
[20:44:42:352]	caps.UsagePage=0xFF00
[20:44:42:352]	caps.InputReportByteLength=64
[20:44:42:352]	caps.OutputReportByteLength=64
[20:44:42:352]	attributes.VendorID=0x1532
[20:44:42:352]	attributes.ProductID=0x552
[20:44:42:353]	SerialNumberString=1234
[20:44:42:356]	ManufacturerString=Macronix
[20:44:42:359]	ProductString=Razer Barracuda X 2.4
[20:44:42:359]CloseHandleX
[20:44:42:359]id=VID=1532,PID=0552
[20:44:42:359]	caps.Usage=0x1
[20:44:42:359]	caps.UsagePage=0xC
[20:44:42:359]CloseHandleX
[20:44:42:359]try_path=\\?\hid#vid_1532&pid_0552&mi_03&col01#8&132b5ccb&0&0000#{4d1e55b2-f16f-11cf-88cb-001111000030}
[20:44:42:359]tryConnect_AWTXh
[20:44:42:361]	InputReportByteLength=64
[20:44:42:361]	OutputReportByteLength=64
[20:44:42:362]HID_Connected=\\?\hid#vid_1532&pid_0552&mi_03&col01#8&132b5ccb&0&0000#{4d1e55b2-f16f-11cf-88cb-001111000030}
[20:44:42:362]ystech_read_fw_version
[20:44:42:363][HID_TX]02-84-01-DE-52-01-00-00-00-00-00-00-00-00-00-00-00-00-00-00-00-00-00-00-00-00-00-00-00-00-00-00-00-00-00-00-00-00-00-00-00-00-00-00-00-00-00-00-00-00-00-00-00-00-00-00-00-00-00-00-00-00-00-00
[20:44:42:364][Incorrect function.
][System.IO.IOException]
[20:44:42:368]   at System.IO.__Error.WinIOError(Int32 errorCode, String maybeFullPath)
   at System.IO.FileStream.BeginWriteCore(Byte[] bytes, Int32 offset, Int32 numBytes, AsyncCallback userCallback, Object stateObject)
   at System.IO.FileStream.WriteCore(Byte[] buffer, Int32 offset, Int32 count)
   at System.IO.FileStream.Write(Byte[] array, Int32 offset, Int32 count)
   at TwsTester.hid.HID.ystech_write64(Byte hid_cmd, Byte[] cmds)
[20:44:42:368]CloseHandleX
[20:44:42:368][connect HID device fail : Incorrect function.
][System.Exception]
[20:44:42:368]   at TwsTester.hid.HID.ystech_write64(Byte hid_cmd, Byte[] cmds)
   at TwsTester.hid.HID.ystech_read_fw_version()
   at TwsTester.hid.HID.test_is_ystech()
[20:44:43:374]tryConnect_AWTXm
[20:44:43:374]	InputReportByteLength=64
[20:44:43:374]	OutputReportByteLength=64
[20:44:43:374]HID_Connected=\\?\hid#vid_1532&pid_0552&mi_03&col01#8&132b5ccb&0&0000#{4d1e55b2-f16f-11cf-88cb-001111000030}
[20:44:43:374]MXIC_GetMode_IsAPP
[20:44:43:375][HID_TX]01-40-00-00-00-00-00-00-00-00-00-00-00-00-00-00-00-00-00-00-00-00-00-00-00-00-00-00-00-00-00-00-00-00-00-00-00-00-00-00-00-00-00-00-00-00-00-00-00-00-00-00-00-00-00-00-00-00-00-00-00-00-00-00
[20:44:43:379][HID_TX_ack]01-40-01-01-00-00-00-00-00-00-00-00-00-00-00-00-00-00-00-00-00-00-00-00-00-00-00-00-00-00-00-00-00-00-00-00-00-00-00-00-00-00-00-00-00-00-00-00-00-00-00-00-00-00-00-00-00-00-00-00-00-00-00-00
[20:44:43:379]path_connected=\\?\hid#vid_1532&pid_0552&mi_03&col01#8&132b5ccb&0&0000#{4d1e55b2-f16f-11cf-88cb-001111000030}
[20:44:43:382][HID_TX]01-80-13-50-41-06-01-0D-00-25-34-12-5A-5A-01-00-00-00-F0-00-00-00-00-00-00-00-00-00-00-00-00-00-00-00-00-00-00-00-00-00-00-00-00-00-00-00-00-00-00-00-00-00-00-00-00-00-00-00-00-00-00-00-00-00
[20:44:43:390]50-41-06-01-0D-00-25-34-12-5A-5A-01-00-00-00-F0-00-00-00 [CMD_SENT][OTA_CMD_IOCTL][READ_MAX_LEN=240]
[20:44:43:393][HID_TX_ack]01-80-11-50-49-01-C0-34-71-00-00-07-00-06-81-00-F0-00-00-00-00-00-00-00-00-00-00-00-00-00-00-00-00-00-00-00-00-00-00-00-00-00-00-00-00-00-00-00-00-00-00-00-00-00-00-00-00-00-00-00-00-00-00-00
[20:44:43:397]50-49-01-C0-34-71-00-00-07-00-06-81-00-F0-00-00-00
[20:44:43:397]MXIC_GetMode_IsAPP
[20:44:43:397][HID_TX]01-40-00-00-00-00-00-00-00-00-00-00-00-00-00-00-00-00-00-00-00-00-00-00-00-00-00-00-00-00-00-00-00-00-00-00-00-00-00-00-00-00-00-00-00-00-00-00-00-00-00-00-00-00-00-00-00-00-00-00-00-00-00-00
[20:44:44:810]connect_auto_select
[20:44:44:810]\\?\hid#vid_1532&pid_0552&mi_03&col01#8&132b5ccb&0&0000#{4d1e55b2-f16f-11cf-88cb-001111000030}
[20:44:44:810]\\?\hid#vid_1532&pid_0552&mi_03&col02#8&132b5ccb&0&0001#{4d1e55b2-f16f-11cf-88cb-001111000030}
[20:44:44:810]id=VID=1532,PID=0552
[20:44:44:810]	caps.Usage=0x0
[20:44:44:810]	caps.UsagePage=0xFF00
[20:44:44:810]	caps.InputReportByteLength=64
[20:44:44:810]	caps.OutputReportByteLength=64
[20:44:44:810]	attributes.VendorID=0x1532
[20:44:44:810]	attributes.ProductID=0x552
[20:44:44:813]	SerialNumberString=1234
[20:44:44:816]	ManufacturerString=Macronix
[20:44:44:819]	ProductString=Razer Barracuda X 2.4
[20:44:44:819]CloseHandleX
[20:44:44:819]id=VID=1532,PID=0552
[20:44:44:819]	caps.Usage=0x1
[20:44:44:819]	caps.UsagePage=0xC
[20:44:44:819]CloseHandleX
[20:44:44:819]try_path=\\?\hid#vid_1532&pid_0552&mi_03&col01#8&132b5ccb&0&0000#{4d1e55b2-f16f-11cf-88cb-001111000030}
[20:44:44:819]tryConnect_AWTXm
[20:44:44:819]	InputReportByteLength=64
[20:44:44:819]	OutputReportByteLength=64
[20:44:44:819]HID_Connected=\\?\hid#vid_1532&pid_0552&mi_03&col01#8&132b5ccb&0&0000#{4d1e55b2-f16f-11cf-88cb-001111000030}
[20:44:44:819]MXIC_GetMode_IsAPP
[20:44:44:819][HID_TX]01-40-00-00-00-00-00-00-00-00-00-00-00-00-00-00-00-00-00-00-00-00-00-00-00-00-00-00-00-00-00-00-00-00-00-00-00-00-00-00-00-00-00-00-00-00-00-00-00-00-00-00-00-00-00-00-00-00-00-00-00-00-00-00
[20:44:44:823][HID_TX_ack]01-40-01-01-00-00-00-00-00-00-00-00-00-00-00-00-00-00-00-00-00-00-00-00-00-00-00-00-00-00-00-00-00-00-00-00-00-00-00-00-00-00-00-00-00-00-00-00-00-00-00-00-00-00-00-00-00-00-00-00-00-00-00-00
[20:44:44:823]path_connected=\\?\hid#vid_1532&pid_0552&mi_03&col01#8&132b5ccb&0&0000#{4d1e55b2-f16f-11cf-88cb-001111000030}
[20:44:44:823][HID_TX_ack]01-40-01-01-00-00-00-00-00-00-00-00-00-00-00-00-00-00-00-00-00-00-00-00-00-00-00-00-00-00-00-00-00-00-00-00-00-00-00-00-00-00-00-00-00-00-00-00-00-00-00-00-00-00-00-00-00-00-00-00-00-00-00-00
[20:44:44:823][HID_TX]01-80-13-50-41-06-02-0D-00-25-34-12-5A-5A-01-00-00-00-F0-00-00-00-00-00-00-00-00-00-00-00-00-00-00-00-00-00-00-00-00-00-00-00-00-00-00-00-00-00-00-00-00-00-00-00-00-00-00-00-00-00-00-00-00-00
[20:44:44:834][HID_TX_ack]01-80-11-50-49-01-C0-B5-75-00-00-07-00-06-82-00-F0-00-00-00-00-00-00-00-00-00-00-00-00-00-00-00-00-00-00-00-00-00-00-00-00-00-00-00-00-00-00-00-00-00-00-00-00-00-00-00-00-00-00-00-00-00-00-00
[20:44:44:834]50-49-01-C0-B5-75-00-00-07-00-06-82-00-F0-00-00-00
[20:44:44:843]50-41-06-02-0D-00-25-34-12-5A-5A-01-00-00-00-F0-00-00-00 [CMD_SENT][OTA_CMD_IOCTL][READ_MAX_LEN=240]
[20:44:44:843]MXIC_GetMode_IsAPP
[20:44:44:843][HID_TX]01-40-00-00-00-00-00-00-00-00-00-00-00-00-00-00-00-00-00-00-00-00-00-00-00-00-00-00-00-00-00-00-00-00-00-00-00-00-00-00-00-00-00-00-00-00-00-00-00-00-00-00-00-00-00-00-00-00-00-00-00-00-00-00
[20:44:44:847][HID_TX_ack]01-40-01-01-00-00-00-00-00-00-00-00-00-00-00-00-00-00-00-00-00-00-00-00-00-00-00-00-00-00-00-00-00-00-00-00-00-00-00-00-00-00-00-00-00-00-00-00-00-00-00-00-00-00-00-00-00-00-00-00-00-00-00-00
[20:44:44:847][HID_TX]01-80-06-50-41-0E-03-01-E6-00-00-00-00-00-00-00-00-00-00-00-00-00-00-00-00-00-00-00-00-00-00-00-00-00-00-00-00-00-00-00-00-00-00-00-00-00-00-00-00-00-00-00-00-00-00-00-00-00-00-00-00-00-00-00
[20:44:47:853][Response Fail (0)][AWOTA.AW_Exception]
[20:44:47:853]   at TwsTester.hid.HID.mxtech_get_status_report(Int32 timeout)
   at TwsTester.hid.HID.mxtech_write(Byte hid_cmd, Byte[] param)
[20:44:47:853]CloseHandleX
[20:44:48:068]connect_auto_select
[20:44:48:068]\\?\hid#vid_1532&pid_0552&mi_03&col01#8&132b5ccb&0&0000#{4d1e55b2-f16f-11cf-88cb-001111000030}
[20:44:48:068]\\?\hid#vid_1532&pid_0552&mi_03&col02#8&132b5ccb&0&0001#{4d1e55b2-f16f-11cf-88cb-001111000030}
[20:44:48:068]id=VID=1532,PID=0552
[20:44:48:068]	caps.Usage=0x0
[20:44:48:068]	caps.UsagePage=0xFF00
[20:44:48:068]	caps.InputReportByteLength=64
[20:44:48:068]	caps.OutputReportByteLength=64
[20:44:48:068]	attributes.VendorID=0x1532
[20:44:48:068]	attributes.ProductID=0x552
[20:44:48:070]	SerialNumberString=1234
[20:44:48:073]	ManufacturerString=Macronix
[20:44:48:076]	ProductString=Razer Barracuda X 2.4
[20:44:48:076]CloseHandleX
[20:44:48:076]id=VID=1532,PID=0552
[20:44:48:076]	caps.Usage=0x1
[20:44:48:076]	caps.UsagePage=0xC
[20:44:48:076]CloseHandleX
[20:44:48:076]try_path=\\?\hid#vid_1532&pid_0552&mi_03&col01#8&132b5ccb&0&0000#{4d1e55b2-f16f-11cf-88cb-001111000030}
[20:44:48:076]tryConnect_AWTXm
[20:44:48:076]	InputReportByteLength=64
[20:44:48:076]	OutputReportByteLength=64
[20:44:48:076]HID_Connected=\\?\hid#vid_1532&pid_0552&mi_03&col01#8&132b5ccb&0&0000#{4d1e55b2-f16f-11cf-88cb-001111000030}
[20:44:48:076]MXIC_GetMode_IsAPP
[20:44:48:076][HID_TX]01-40-00-00-00-00-00-00-00-00-00-00-00-00-00-00-00-00-00-00-00-00-00-00-00-00-00-00-00-00-00-00-00-00-00-00-00-00-00-00-00-00-00-00-00-00-00-00-00-00-00-00-00-00-00-00-00-00-00-00-00-00-00-00
[20:44:48:079][HID_TX_ack]01-40-01-01-00-00-00-00-00-00-00-00-00-00-00-00-00-00-00-00-00-00-00-00-00-00-00-00-00-00-00-00-00-00-00-00-00-00-00-00-00-00-00-00-00-00-00-00-00-00-00-00-00-00-00-00-00-00-00-00-00-00-00-00
[20:44:48:079]path_connected=\\?\hid#vid_1532&pid_0552&mi_03&col01#8&132b5ccb&0&0000#{4d1e55b2-f16f-11cf-88cb-001111000030}
[20:44:48:079][HID_TX]01-80-13-50-41-06-04-0D-00-25-34-12-5A-5A-01-00-00-00-F0-00-00-00-00-00-00-00-00-00-00-00-00-00-00-00-00-00-00-00-00-00-00-00-00-00-00-00-00-00-00-00-00-00-00-00-00-00-00-00-00-00-00-00-00-00
[20:44:48:086]50-41-06-04-0D-00-25-34-12-5A-5A-01-00-00-00-F0-00-00-00 [CMD_SENT][OTA_CMD_IOCTL][READ_MAX_LEN=240]
[20:44:48:896]retry_first_command==============================
[20:44:48:896][HID_TX]01-80-13-50-41-06-05-0D-00-25-34-12-5A-5A-01-00-00-00-F0-00-00-00-00-00-00-00-00-00-00-00-00-00-00-00-00-00-00-00-00-00-00-00-00-00-00-00-00-00-00-00-00-00-00-00-00-00-00-00-00-00-00-00-00-00
[20:44:48:907][HID_TX_ack]01-80-0C-50-49-0E-DA-00-00-00-00-02-00-E3-00-00-00-00-00-00-00-00-00-00-00-00-00-00-00-00-00-00-00-00-00-00-00-00-00-00-00-00-00-00-00-00-00-00-00-00-00-00-00-00-00-00-00-00-00-00-00-00-00-00
[20:44:48:907]50-49-0E-DA-00-00-00-00-02-00-E3-00-
[20:44:48:914]50-41-06-05-0D-00-25-34-12-5A-5A-01-00-00-00-F0-00-00-00 [CMD_SENT][OTA_CMD_IOCTL][READ_MAX_LEN=240]
[20:44:48:938][HID_TX_ack]01-80-11-50-49-01-C0-88-82-00-00-07-00-06-85-00-F0-00-00-00-00-00-00-00-00-00-00-00-00-00-00-00-00-00-00-00-00-00-00-00-00-00-00-00-00-00-00-00-00-00-00-00-00-00-00-00-00-00-00-00-00-00-00-00
[20:44:48:938]50-49-01-C0-88-82-00-00-07-00-06-85-00-F0-00-00-00
[20:44:48:938]MXIC_GetMode_IsAPP
[20:44:48:938][HID_TX]01-40-00-00-00-00-00-00-00-00-00-00-00-00-00-00-00-00-00-00-00-00-00-00-00-00-00-00-00-00-00-00-00-00-00-00-00-00-00-00-00-00-00-00-00-00-00-00-00-00-00-00-00-00-00-00-00-00-00-00-00-00-00-00
[20:44:48:941][HID_TX_ack]01-40-01-01-00-00-00-00-00-00-00-00-00-00-00-00-00-00-00-00-00-00-00-00-00-00-00-00-00-00-00-00-00-00-00-00-00-00-00-00-00-00-00-00-00-00-00-00-00-00-00-00-00-00-00-00-00-00-00-00-00-00-00-00
[20:44:48:942][HID_TX]01-80-06-50-41-0E-06-01-E6-00-00-00-00-00-00-00-00-00-00-00-00-00-00-00-00-00-00-00-00-00-00-00-00-00-00-00-00-00-00-00-00-00-00-00-00-00-00-00-00-00-00-00-00-00-00-00-00-00-00-00-00-00-00-00
[20:44:49:000][HID_TX_ack]01-80-0E-50-49-08-DC-B7-82-00-00-04-00-20-02-01-00-00-00-00-00-00-00-00-00-00-00-00-00-00-00-00-00-00-00-00-00-00-00-00-00-00-00-00-00-00-00-00-00-00-00-00-00-00-00-00-00-00-00-00-00-00-00-00
[20:44:49:000]50-49-08-DC-B7-82-00-00-04-00-20-02-01-00
[20:44:51:950][Response Fail (0)][AWOTA.AW_Exception]
[20:44:51:950]   at TwsTester.hid.HID.mxtech_get_status_report(Int32 timeout)
   at TwsTester.hid.HID.mxtech_write(Byte hid_cmd, Byte[] param)
[20:44:51:950]CloseHandleX
[20:44:52:152]connect_auto_select
[20:44:52:359]connect_auto_select
[20:44:52:566]connect_auto_select
[20:44:52:772]connect_auto_select
[20:44:52:979]connect_auto_select
[20:44:53:185]connect_auto_select
[20:44:53:389]connect_auto_select
[20:44:53:591]connect_auto_select
[20:44:53:794]connect_auto_select
[20:44:53:997]connect_auto_select
[20:44:54:200]connect_auto_select
[20:44:54:405]connect_auto_select
[20:44:54:609]connect_auto_select
[20:44:54:812]connect_auto_select
[20:44:55:014]connect_auto_select
[20:44:55:216]connect_auto_select
[20:44:55:417]connect_auto_select
[20:44:55:621]connect_auto_select
[20:44:55:621]\\?\hid#vid_1532&pid_0552&mi_03&col01#8&132b5ccb&0&0000#{4d1e55b2-f16f-11cf-88cb-001111000030}
[20:44:55:621]\\?\hid#vid_1532&pid_0552&mi_03&col02#8&132b5ccb&0&0001#{4d1e55b2-f16f-11cf-88cb-001111000030}
[20:44:55:621]id=VID=1532,PID=0552
[20:44:55:621]	caps.Usage=0x0
[20:44:55:621]	caps.UsagePage=0xFF00
[20:44:55:621]	caps.InputReportByteLength=64
[20:44:55:621]	caps.OutputReportByteLength=64
[20:44:55:621]	attributes.VendorID=0x1532
[20:44:55:621]	attributes.ProductID=0x552
[20:44:55:622]	SerialNumberString=1234
[20:44:55:625]	ManufacturerString=Macronix
[20:44:55:629]	ProductString=Razer Barracuda X 2.4
[20:44:55:629]CloseHandleX
[20:44:55:629]id=VID=1532,PID=0552
[20:44:55:629]	caps.Usage=0x1
[20:44:55:629]	caps.UsagePage=0xC
[20:44:55:629]CloseHandleX
[20:44:55:629]try_path=\\?\hid#vid_1532&pid_0552&mi_03&col01#8&132b5ccb&0&0000#{4d1e55b2-f16f-11cf-88cb-001111000030}
[20:44:55:629]tryConnect_AWTXm
[20:44:55:629]	InputReportByteLength=64
[20:44:55:629]	OutputReportByteLength=64
[20:44:55:629]HID_Connected=\\?\hid#vid_1532&pid_0552&mi_03&col01#8&132b5ccb&0&0000#{4d1e55b2-f16f-11cf-88cb-001111000030}
[20:44:55:629]MXIC_GetMode_IsAPP
[20:44:55:629][HID_TX]01-40-00-00-00-00-00-00-00-00-00-00-00-00-00-00-00-00-00-00-00-00-00-00-00-00-00-00-00-00-00-00-00-00-00-00-00-00-00-00-00-00-00-00-00-00-00-00-00-00-00-00-00-00-00-00-00-00-00-00-00-00-00-00
[20:44:55:632][HID_TX_ack]01-40-01-01-00-00-00-00-00-00-00-00-00-00-00-00-00-00-00-00-00-00-00-00-00-00-00-00-00-00-00-00-00-00-00-00-00-00-00-00-00-00-00-00-00-00-00-00-00-00-00-00-00-00-00-00-00-00-00-00-00-00-00-00
[20:44:55:632]path_connected=\\?\hid#vid_1532&pid_0552&mi_03&col01#8&132b5ccb&0&0000#{4d1e55b2-f16f-11cf-88cb-001111000030}
[20:44:55:632][HID_TX]01-80-13-50-41-06-07-0D-00-25-34-12-5A-5A-01-00-00-00-F0-00-00-00-00-00-00-00-00-00-00-00-00-00-00-00-00-00-00-00-00-00-00-00-00-00-00-00-00-00-00-00-00-00-00-00-00-00-00-00-00-00-00-00-00-00
[20:44:55:638]50-41-06-07-0D-00-25-34-12-5A-5A-01-00-00-00-F0-00-00-00 [CMD_SENT][OTA_CMD_IOCTL][READ_MAX_LEN=240]
[20:44:55:640][HID_TX_ack]01-80-11-50-49-01-C0-77-03-00-00-07-00-06-87-00-F0-00-00-00-00-00-00-00-00-00-00-00-00-00-00-00-00-00-00-00-00-00-00-00-00-00-00-00-00-00-00-00-00-00-00-00-00-00-00-00-00-00-00-00-00-00-00-00
[20:44:55:640]50-49-01-C0-77-03-00-00-07-00-06-87-00-F0-00-00-00
[20:44:55:640]MXIC_GetMode_IsAPP
[20:44:55:640][HID_TX]01-40-00-00-00-00-00-00-00-00-00-00-00-00-00-00-00-00-00-00-00-00-00-00-00-00-00-00-00-00-00-00-00-00-00-00-00-00-00-00-00-00-00-00-00-00-00-00-00-00-00-00-00-00-00-00-00-00-00-00-00-00-00-00
[20:44:55:644][HID_TX_ack]01-40-01-01-00-00-00-00-00-00-00-00-00-00-00-00-00-00-00-00-00-00-00-00-00-00-00-00-00-00-00-00-00-00-00-00-00-00-00-00-00-00-00-00-00-00-00-00-00-00-00-00-00-00-00-00-00-00-00-00-00-00-00-00
[20:44:55:644][HID_TX]01-80-06-50-41-0E-08-01-E6-00-00-00-00-00-00-00-00-00-00-00-00-00-00-00-00-00-00-00-00-00-00-00-00-00-00-00-00-00-00-00-00-00-00-00-00-00-00-00-00-00-00-00-00-00-00-00-00-00-00-00-00-00-00-00
[20:44:55:651][HID_TX_ack]01-80-0D-50-49-01-C0-81-03-00-00-03-00-0E-88-00-00-00-00-00-00-00-00-00-00-00-00-00-00-00-00-00-00-00-00-00-00-00-00-00-00-00-00-00-00-00-00-00-00-00-00-00-00-00-00-00-00-00-00-00-00-00-00-00
[20:44:55:651]50-49-01-C0-81-03-00-00-03-00-0E-88-00
[20:44:55:653]50-41-0E-08-01-E6 [CMD_SENT][TX_DG_GET_CONNECT_STATUS_EX]
[20:44:55:654][HID_TX_ack]01-80-0C-50-49-0E-CB-00-00-00-00-02-00-E6-00-00-00-00-00-00-00-00-00-00-00-00-00-00-00-00-00-00-00-00-00-00-00-00-00-00-00-00-00-00-00-00-00-00-00-00-00-00-00-00-00-00-00-00-00-00-00-00-00-00
[20:44:55:654]50-49-0E-CB-00-00-00-00-02-00-E6-00-
[20:44:55:654]TX_DG_GET_CONNECT_STATUS_EX=00
[20:44:55:746][HID_TX]01-80-06-50-41-0E-09-01-E0-00-00-00-00-00-00-00-00-00-00-00-00-00-00-00-00-00-00-00-00-00-00-00-00-00-00-00-00-00-00-00-00-00-00-00-00-00-00-00-00-00-00-00-00-00-00-00-00-00-00-00-00-00-00-00
[20:44:55:753][HID_TX_ack]01-80-0D-50-49-01-C0-D1-03-00-00-03-00-0E-89-00-00-00-00-00-00-00-00-00-00-00-00-00-00-00-00-00-00-00-00-00-00-00-00-00-00-00-00-00-00-00-00-00-00-00-00-00-00-00-00-00-00-00-00-00-00-00-00-00
[20:44:55:753]50-49-01-C0-D1-03-00-00-03-00-0E-89-00
[20:44:55:753][HID_TX_ack]01-80-0C-50-49-0E-CC-00-00-00-00-02-00-E0-00-00-00-00-00-00-00-00-00-00-00-00-00-00-00-00-00-00-00-00-00-00-00-00-00-00-00-00-00-00-00-00-00-00-00-00-00-00-00-00-00-00-00-00-00-00-00-00-00-00
[20:44:55:753]50-49-0E-CC-00-00-00-00-02-00-E0-00-
[20:44:55:764]50-41-0E-09-01-E0 [CMD_SENT][REMOTE_GET_MODE]
[20:44:55:764]REMOTE_GET_MODE=00
[20:44:55:764]send_OTA_CMD_GET_IMAGE_VERSION=MC
[20:44:55:764][HID_TX]01-80-0A-50-41-06-0A-04-00-34-01-4D-43-00-00-00-00-00-00-00-00-00-00-00-00-00-00-00-00-00-00-00-00-00-00-00-00-00-00-00-00-00-00-00-00-00-00-00-00-00-00-00-00-00-00-00-00-00-00-00-00-00-00-00
[20:44:55:773][HID_TX_ack]01-80-11-50-49-01-C0-E2-03-00-00-07-00-06-8A-00-01-06-00-00-00-00-00-00-00-00-00-00-00-00-00-00-00-00-00-00-00-00-00-00-00-00-00-00-00-00-00-00-00-00-00-00-00-00-00-00-00-00-00-00-00-00-00-00
[20:44:55:773]50-49-01-C0-E2-03-00-00-07-00-06-8A-00-01-06-00-00
[20:44:55:779]50-41-06-0A-04-00-34-01-4D-43 [CMD_SENT][OTA_CMD_GET_IMAGE_VERSION]
[20:44:55:779]MXIC_ISP_MTP_Read
[20:44:55:779][HID_TX]01-C2-03-F8-5F-04-00-00-00-00-00-00-00-00-00-00-00-00-00-00-00-00-00-00-00-00-00-00-00-00-00-00-00-00-00-00-00-00-00-00-00-00-00-00-00-00-00-00-00-00-00-00-00-00-00-00-00-00-00-00-00-00-00-00
[20:44:55:783][HID_TX_ack]01-C2-04-01-06-00-00-00-00-00-00-00-00-00-00-00-00-00-00-00-00-00-00-00-00-00-00-00-00-00-00-00-00-00-00-00-00-00-00-00-00-00-00-00-00-00-00-00-00-00-00-00-00-00-00-00-00-00-00-00-00-00-00-00
[20:44:55:785]MXIC_GetMode_IsAPP
[20:44:55:785][HID_TX]01-40-00-00-00-00-00-00-00-00-00-00-00-00-00-00-00-00-00-00-00-00-00-00-00-00-00-00-00-00-00-00-00-00-00-00-00-00-00-00-00-00-00-00-00-00-00-00-00-00-00-00-00-00-00-00-00-00-00-00-00-00-00-00
[20:44:55:787][HID_TX_ack]01-40-01-01-00-00-00-00-00-00-00-00-00-00-00-00-00-00-00-00-00-00-00-00-00-00-00-00-00-00-00-00-00-00-00-00-00-00-00-00-00-00-00-00-00-00-00-00-00-00-00-00-00-00-00-00-00-00-00-00-00-00-00-00
[20:44:55:787][HID_TX]01-80-06-50-41-0E-0B-01-E6-00-00-00-00-00-00-00-00-00-00-00-00-00-00-00-00-00-00-00-00-00-00-00-00-00-00-00-00-00-00-00-00-00-00-00-00-00-00-00-00-00-00-00-00-00-00-00-00-00-00-00-00-00-00-00
[20:44:55:794][HID_TX_ack]01-80-0D-50-49-01-C0-F3-03-00-00-03-00-0E-8B-00-00-00-00-00-00-00-00-00-00-00-00-00-00-00-00-00-00-00-00-00-00-00-00-00-00-00-00-00-00-00-00-00-00-00-00-00-00-00-00-00-00-00-00-00-00-00-00-00
[20:44:55:794]50-49-01-C0-F3-03-00-00-03-00-0E-8B-00
[20:44:55:794]50-41-0E-0B-01-E6 [CMD_SENT][TX_DG_GET_CONNECT_STATUS_EX]
[20:44:55:796][HID_TX_ack]01-80-0C-50-49-0E-CD-00-00-00-00-02-00-E6-00-00-00-00-00-00-00-00-00-00-00-00-00-00-00-00-00-00-00-00-00-00-00-00-00-00-00-00-00-00-00-00-00-00-00-00-00-00-00-00-00-00-00-00-00-00-00-00-00-00
[20:44:55:796]50-49-0E-CD-00-00-00-00-02-00-E6-00-
[20:44:55:796]TX_DG_GET_CONNECT_STATUS_EX=00
[20:44:56:606]MXIC_GetMode_IsAPP
[20:44:56:606][HID_TX]01-40-00-00-00-00-00-00-00-00-00-00-00-00-00-00-00-00-00-00-00-00-00-00-00-00-00-00-00-00-00-00-00-00-00-00-00-00-00-00-00-00-00-00-00-00-00-00-00-00-00-00-00-00-00-00-00-00-00-00-00-00-00-00
[20:44:56:610][HID_TX_ack]01-40-01-01-00-00-00-00-00-00-00-00-00-00-00-00-00-00-00-00-00-00-00-00-00-00-00-00-00-00-00-00-00-00-00-00-00-00-00-00-00-00-00-00-00-00-00-00-00-00-00-00-00-00-00-00-00-00-00-00-00-00-00-00
[20:44:56:610][HID_TX]01-80-06-50-41-0E-0C-01-E6-00-00-00-00-00-00-00-00-00-00-00-00-00-00-00-00-00-00-00-00-00-00-00-00-00-00-00-00-00-00-00-00-00-00-00-00-00-00-00-00-00-00-00-00-00-00-00-00-00-00-00-00-00-00-00
[20:44:56:623]50-41-0E-0C-01-E6 [CMD_SENT][TX_DG_GET_CONNECT_STATUS_EX]
[20:44:58:949]MXIC_GetMode_IsAPP
[20:44:58:949][HID_TX]01-40-00-00-00-00-00-00-00-00-00-00-00-00-00-00-00-00-00-00-00-00-00-00-00-00-00-00-00-00-00-00-00-00-00-00-00-00-00-00-00-00-00-00-00-00-00-00-00-00-00-00-00-00-00-00-00-00-00-00-00-00-00-00
[20:44:58:953][HID_TX_ack]01-40-01-01-00-00-00-00-00-00-00-00-00-00-00-00-00-00-00-00-00-00-00-00-00-00-00-00-00-00-00-00-00-00-00-00-00-00-00-00-00-00-00-00-00-00-00-00-00-00-00-00-00-00-00-00-00-00-00-00-00-00-00-00
[20:44:58:953][HID_TX]01-80-06-50-41-0E-0D-01-E6-00-00-00-00-00-00-00-00-00-00-00-00-00-00-00-00-00-00-00-00-00-00-00-00-00-00-00-00-00-00-00-00-00-00-00-00-00-00-00-00-00-00-00-00-00-00-00-00-00-00-00-00-00-00-00
[20:45:01:958][Response Fail (0)][AWOTA.AW_Exception]
[20:45:01:958]   at TwsTester.hid.HID.mxtech_get_status_report(Int32 timeout)
   at TwsTester.hid.HID.mxtech_write(Byte hid_cmd, Byte[] param)
[20:45:01:958]CloseHandleX
[20:45:02:768]MXIC_GetMode_IsAPP
[20:45:02:768][HID_TX]01-40-00-00-00-00-00-00-00-00-00-00-00-00-00-00-00-00-00-00-00-00-00-00-00-00-00-00-00-00-00-00-00-00-00-00-00-00-00-00-00-00-00-00-00-00-00-00-00-00-00-00-00-00-00-00-00-00-00-00-00-00-00-00
[20:45:02:768][No HID connection][System.Exception]
[20:45:02:768]   at TwsTester.hid.HID.mxtech_write(Byte hid_cmd, Byte[] param)
[20:45:02:768]CloseHandleX
[20:45:03:572]MXIC_GetMode_IsAPP
[20:45:03:572][HID_TX]01-40-00-00-00-00-00-00-00-00-00-00-00-00-00-00-00-00-00-00-00-00-00-00-00-00-00-00-00-00-00-00-00-00-00-00-00-00-00-00-00-00-00-00-00-00-00-00-00-00-00-00-00-00-00-00-00-00-00-00-00-00-00-00
[20:45:03:572][No HID connection][System.Exception]
[20:45:03:572]   at TwsTester.hid.HID.mxtech_write(Byte hid_cmd, Byte[] param)
[20:45:03:572]CloseHandleX
[20:45:04:387]MXIC_GetMode_IsAPP
[20:45:04:387][HID_TX]01-40-00-00-00-00-00-00-00-00-00-00-00-00-00-00-00-00-00-00-00-00-00-00-00-00-00-00-00-00-00-00-00-00-00-00-00-00-00-00-00-00-00-00-00-00-00-00-00-00-00-00-00-00-00-00-00-00-00-00-00-00-00-00
[20:45:04:387][No HID connection][System.Exception]
[20:45:04:387]   at TwsTester.hid.HID.mxtech_write(Byte hid_cmd, Byte[] param)
[20:45:04:387]CloseHandleX
[20:45:05:188]MXIC_GetMode_IsAPP
[20:45:05:188][HID_TX]01-40-00-00-00-00-00-00-00-00-00-00-00-00-00-00-00-00-00-00-00-00-00-00-00-00-00-00-00-00-00-00-00-00-00-00-00-00-00-00-00-00-00-00-00-00-00-00-00-00-00-00-00-00-00-00-00-00-00-00-00-00-00-00
[20:45:05:188][No HID connection][System.Exception]
[20:45:05:188]   at TwsTester.hid.HID.mxtech_write(Byte hid_cmd, Byte[] param)
[20:45:05:188]CloseHandleX
[20:45:06:001]MXIC_GetMode_IsAPP
[20:45:06:001][HID_TX]01-40-00-00-00-00-00-00-00-00-00-00-00-00-00-00-00-00-00-00-00-00-00-00-00-00-00-00-00-00-00-00-00-00-00-00-00-00-00-00-00-00-00-00-00-00-00-00-00-00-00-00-00-00-00-00-00-00-00-00-00-00-00-00
[20:45:06:001][No HID connection][System.Exception]
[20:45:06:001]   at TwsTester.hid.HID.mxtech_write(Byte hid_cmd, Byte[] param)
[20:45:06:001]CloseHandleX
[20:45:06:803]MXIC_GetMode_IsAPP
[20:45:06:803][HID_TX]01-40-00-00-00-00-00-00-00-00-00-00-00-00-00-00-00-00-00-00-00-00-00-00-00-00-00-00-00-00-00-00-00-00-00-00-00-00-00-00-00-00-00-00-00-00-00-00-00-00-00-00-00-00-00-00-00-00-00-00-00-00-00-00
[20:45:06:803][No HID connection][System.Exception]
[20:45:06:803]   at TwsTester.hid.HID.mxtech_write(Byte hid_cmd, Byte[] param)
[20:45:06:803]CloseHandleX
[20:45:07:615]MXIC_GetMode_IsAPP
[20:45:07:615][HID_TX]01-40-00-00-00-00-00-00-00-00-00-00-00-00-00-00-00-00-00-00-00-00-00-00-00-00-00-00-00-00-00-00-00-00-00-00-00-00-00-00-00-00-00-00-00-00-00-00-00-00-00-00-00-00-00-00-00-00-00-00-00-00-00-00
[20:45:07:615][No HID connection][System.Exception]
[20:45:07:615]   at TwsTester.hid.HID.mxtech_write(Byte hid_cmd, Byte[] param)
[20:45:07:615]CloseHandleX
[20:45:08:415]MXIC_GetMode_IsAPP
[20:45:08:415][HID_TX]01-40-00-00-00-00-00-00-00-00-00-00-00-00-00-00-00-00-00-00-00-00-00-00-00-00-00-00-00-00-00-00-00-00-00-00-00-00-00-00-00-00-00-00-00-00-00-00-00-00-00-00-00-00-00-00-00-00-00-00-00-00-00-00
[20:45:08:415][No HID connection][System.Exception]
[20:45:08:415]   at TwsTester.hid.HID.mxtech_write(Byte hid_cmd, Byte[] param)
[20:45:08:415]CloseHandleX
[20:45:09:228]MXIC_GetMode_IsAPP
[20:45:09:228][HID_TX]01-40-00-00-00-00-00-00-00-00-00-00-00-00-00-00-00-00-00-00-00-00-00-00-00-00-00-00-00-00-00-00-00-00-00-00-00-00-00-00-00-00-00-00-00-00-00-00-00-00-00-00-00-00-00-00-00-00-00-00-00-00-00-00
[20:45:09:228][No HID connection][System.Exception]
[20:45:09:228]   at TwsTester.hid.HID.mxtech_write(Byte hid_cmd, Byte[] param)
[20:45:09:228]CloseHandleX
[20:45:10:031]MXIC_GetMode_IsAPP
[20:45:10:031][HID_TX]01-40-00-00-00-00-00-00-00-00-00-00-00-00-00-00-00-00-00-00-00-00-00-00-00-00-00-00-00-00-00-00-00-00-00-00-00-00-00-00-00-00-00-00-00-00-00-00-00-00-00-00-00-00-00-00-00-00-00-00-00-00-00-00
[20:45:10:031][No HID connection][System.Exception]
[20:45:10:031]   at TwsTester.hid.HID.mxtech_write(Byte hid_cmd, Byte[] param)
[20:45:10:031]CloseHandleX
[20:45:10:845]MXIC_GetMode_IsAPP
[20:45:10:845][HID_TX]01-40-00-00-00-00-00-00-00-00-00-00-00-00-00-00-00-00-00-00-00-00-00-00-00-00-00-00-00-00-00-00-00-00-00-00-00-00-00-00-00-00-00-00-00-00-00-00-00-00-00-00-00-00-00-00-00-00-00-00-00-00-00-00
[20:45:10:845][No HID connection][System.Exception]
[20:45:10:845]   at TwsTester.hid.HID.mxtech_write(Byte hid_cmd, Byte[] param)
[20:45:10:845]CloseHandleX
[20:45:11:648]MXIC_GetMode_IsAPP
[20:45:11:648][HID_TX]01-40-00-00-00-00-00-00-00-00-00-00-00-00-00-00-00-00-00-00-00-00-00-00-00-00-00-00-00-00-00-00-00-00-00-00-00-00-00-00-00-00-00-00-00-00-00-00-00-00-00-00-00-00-00-00-00-00-00-00-00-00-00-00
[20:45:11:648][No HID connection][System.Exception]
[20:45:11:648]   at TwsTester.hid.HID.mxtech_write(Byte hid_cmd, Byte[] param)
[20:45:11:648]CloseHandleX
[20:45:12:459]MXIC_GetMode_IsAPP
[20:45:12:459][HID_TX]01-40-00-00-00-00-00-00-00-00-00-00-00-00-00-00-00-00-00-00-00-00-00-00-00-00-00-00-00-00-00-00-00-00-00-00-00-00-00-00-00-00-00-00-00-00-00-00-00-00-00-00-00-00-00-00-00-00-00-00-00-00-00-00
[20:45:12:459][No HID connection][System.Exception]
[20:45:12:459]   at TwsTester.hid.HID.mxtech_write(Byte hid_cmd, Byte[] param)
[20:45:12:459]CloseHandleX
[20:45:13:273]MXIC_GetMode_IsAPP
[20:45:13:273][HID_TX]01-40-00-00-00-00-00-00-00-00-00-00-00-00-00-00-00-00-00-00-00-00-00-00-00-00-00-00-00-00-00-00-00-00-00-00-00-00-00-00-00-00-00-00-00-00-00-00-00-00-00-00-00-00-00-00-00-00-00-00-00-00-00-00
[20:45:13:273][No HID connection][System.Exception]
[20:45:13:273]   at TwsTester.hid.HID.mxtech_write(Byte hid_cmd, Byte[] param)
[20:45:13:273]CloseHandleX
[20:45:14:087]MXIC_GetMode_IsAPP
[20:45:14:087][HID_TX]01-40-00-00-00-00-00-00-00-00-00-00-00-00-00-00-00-00-00-00-00-00-00-00-00-00-00-00-00-00-00-00-00-00-00-00-00-00-00-00-00-00-00-00-00-00-00-00-00-00-00-00-00-00-00-00-00-00-00-00-00-00-00-00
[20:45:14:087][No HID connection][System.Exception]
[20:45:14:087]   at TwsTester.hid.HID.mxtech_write(Byte hid_cmd, Byte[] param)
[20:45:14:087]CloseHandleX
[20:45:14:899]MXIC_GetMode_IsAPP
[20:45:14:899][HID_TX]01-40-00-00-00-00-00-00-00-00-00-00-00-00-00-00-00-00-00-00-00-00-00-00-00-00-00-00-00-00-00-00-00-00-00-00-00-00-00-00-00-00-00-00-00-00-00-00-00-00-00-00-00-00-00-00-00-00-00-00-00-00-00-00
[20:45:14:899][No HID connection][System.Exception]
[20:45:14:899]   at TwsTester.hid.HID.mxtech_write(Byte hid_cmd, Byte[] param)
[20:45:14:899]CloseHandleX
[20:45:15:709]MXIC_GetMode_IsAPP
[20:45:15:709][HID_TX]01-40-00-00-00-00-00-00-00-00-00-00-00-00-00-00-00-00-00-00-00-00-00-00-00-00-00-00-00-00-00-00-00-00-00-00-00-00-00-00-00-00-00-00-00-00-00-00-00-00-00-00-00-00-00-00-00-00-00-00-00-00-00-00
[20:45:15:709][No HID connection][System.Exception]
[20:45:15:709]   at TwsTester.hid.HID.mxtech_write(Byte hid_cmd, Byte[] param)
[20:45:15:709]CloseHandleX
[20:45:16:521]MXIC_GetMode_IsAPP
[20:45:16:521][HID_TX]01-40-00-00-00-00-00-00-00-00-00-00-00-00-00-00-00-00-00-00-00-00-00-00-00-00-00-00-00-00-00-00-00-00-00-00-00-00-00-00-00-00-00-00-00-00-00-00-00-00-00-00-00-00-00-00-00-00-00-00-00-00-00-00
[20:45:16:521][No HID connection][System.Exception]
[20:45:16:521]   at TwsTester.hid.HID.mxtech_write(Byte hid_cmd, Byte[] param)
[20:45:16:521]CloseHandleX
[20:45:17:334]MXIC_GetMode_IsAPP
[20:45:17:334][HID_TX]01-40-00-00-00-00-00-00-00-00-00-00-00-00-00-00-00-00-00-00-00-00-00-00-00-00-00-00-00-00-00-00-00-00-00-00-00-00-00-00-00-00-00-00-00-00-00-00-00-00-00-00-00-00-00-00-00-00-00-00-00-00-00-00
[20:45:17:334][No HID connection][System.Exception]
[20:45:17:334]   at TwsTester.hid.HID.mxtech_write(Byte hid_cmd, Byte[] param)
[20:45:17:334]CloseHandleX
[20:45:18:146]MXIC_GetMode_IsAPP
[20:45:18:146][HID_TX]01-40-00-00-00-00-00-00-00-00-00-00-00-00-00-00-00-00-00-00-00-00-00-00-00-00-00-00-00-00-00-00-00-00-00-00-00-00-00-00-00-00-00-00-00-00-00-00-00-00-00-00-00-00-00-00-00-00-00-00-00-00-00-00
[20:45:18:146][No HID connection][System.Exception]
[20:45:18:146]   at TwsTester.hid.HID.mxtech_write(Byte hid_cmd, Byte[] param)
[20:45:18:146]CloseHandleX
[20:45:18:955]MXIC_GetMode_IsAPP
[20:45:18:955][HID_TX]01-40-00-00-00-00-00-00-00-00-00-00-00-00-00-00-00-00-00-00-00-00-00-00-00-00-00-00-00-00-00-00-00-00-00-00-00-00-00-00-00-00-00-00-00-00-00-00-00-00-00-00-00-00-00-00-00-00-00-00-00-00-00-00
[20:45:18:955][No HID connection][System.Exception]
[20:45:18:955]   at TwsTester.hid.HID.mxtech_write(Byte hid_cmd, Byte[] param)
[20:45:18:955]CloseHandleX
[20:45:19:765]MXIC_GetMode_IsAPP
[20:45:19:765][HID_TX]01-40-00-00-00-00-00-00-00-00-00-00-00-00-00-00-00-00-00-00-00-00-00-00-00-00-00-00-00-00-00-00-00-00-00-00-00-00-00-00-00-00-00-00-00-00-00-00-00-00-00-00-00-00-00-00-00-00-00-00-00-00-00-00
[20:45:19:765][No HID connection][System.Exception]
[20:45:19:765]   at TwsTester.hid.HID.mxtech_write(Byte hid_cmd, Byte[] param)
[20:45:19:765]CloseHandleX
[20:45:20:577]MXIC_GetMode_IsAPP
[20:45:20:577][HID_TX]01-40-00-00-00-00-00-00-00-00-00-00-00-00-00-00-00-00-00-00-00-00-00-00-00-00-00-00-00-00-00-00-00-00-00-00-00-00-00-00-00-00-00-00-00-00-00-00-00-00-00-00-00-00-00-00-00-00-00-00-00-00-00-00
[20:45:20:577][No HID connection][System.Exception]
[20:45:20:577]   at TwsTester.hid.HID.mxtech_write(Byte hid_cmd, Byte[] param)
[20:45:20:577]CloseHandleX
[20:45:21:388]MXIC_GetMode_IsAPP
[20:45:21:388][HID_TX]01-40-00-00-00-00-00-00-00-00-00-00-00-00-00-00-00-00-00-00-00-00-00-00-00-00-00-00-00-00-00-00-00-00-00-00-00-00-00-00-00-00-00-00-00-00-00-00-00-00-00-00-00-00-00-00-00-00-00-00-00-00-00-00
[20:45:21:388][No HID connection][System.Exception]
[20:45:21:388]   at TwsTester.hid.HID.mxtech_write(Byte hid_cmd, Byte[] param)
[20:45:21:388]CloseHandleX
[20:45:22:199]MXIC_GetMode_IsAPP
[20:45:22:199][HID_TX]01-40-00-00-00-00-00-00-00-00-00-00-00-00-00-00-00-00-00-00-00-00-00-00-00-00-00-00-00-00-00-00-00-00-00-00-00-00-00-00-00-00-00-00-00-00-00-00-00-00-00-00-00-00-00-00-00-00-00-00-00-00-00-00
[20:45:22:199][No HID connection][System.Exception]
[20:45:22:199]   at TwsTester.hid.HID.mxtech_write(Byte hid_cmd, Byte[] param)
[20:45:22:199]CloseHandleX
[20:45:23:009]MXIC_GetMode_IsAPP
[20:45:23:009][HID_TX]01-40-00-00-00-00-00-00-00-00-00-00-00-00-00-00-00-00-00-00-00-00-00-00-00-00-00-00-00-00-00-00-00-00-00-00-00-00-00-00-00-00-00-00-00-00-00-00-00-00-00-00-00-00-00-00-00-00-00-00-00-00-00-00
[20:45:23:009][No HID connection][System.Exception]
[20:45:23:009]   at TwsTester.hid.HID.mxtech_write(Byte hid_cmd, Byte[] param)
[20:45:23:009]CloseHandleX
[20:45:23:820]MXIC_GetMode_IsAPP
[20:45:23:820][HID_TX]01-40-00-00-00-00-00-00-00-00-00-00-00-00-00-00-00-00-00-00-00-00-00-00-00-00-00-00-00-00-00-00-00-00-00-00-00-00-00-00-00-00-00-00-00-00-00-00-00-00-00-00-00-00-00-00-00-00-00-00-00-00-00-00
[20:45:23:820][No HID connection][System.Exception]
[20:45:23:820]   at TwsTester.hid.HID.mxtech_write(Byte hid_cmd, Byte[] param)
[20:45:23:820]CloseHandleX
[20:45:24:629]MXIC_GetMode_IsAPP
[20:45:24:629][HID_TX]01-40-00-00-00-00-00-00-00-00-00-00-00-00-00-00-00-00-00-00-00-00-00-00-00-00-00-00-00-00-00-00-00-00-00-00-00-00-00-00-00-00-00-00-00-00-00-00-00-00-00-00-00-00-00-00-00-00-00-00-00-00-00-00
[20:45:24:629][No HID connection][System.Exception]
[20:45:24:629]   at TwsTester.hid.HID.mxtech_write(Byte hid_cmd, Byte[] param)
[20:45:24:629]CloseHandleX
[20:45:25:443]MXIC_GetMode_IsAPP
[20:45:25:443][HID_TX]01-40-00-00-00-00-00-00-00-00-00-00-00-00-00-00-00-00-00-00-00-00-00-00-00-00-00-00-00-00-00-00-00-00-00-00-00-00-00-00-00-00-00-00-00-00-00-00-00-00-00-00-00-00-00-00-00-00-00-00-00-00-00-00
[20:45:25:443][No HID connection][System.Exception]
[20:45:25:443]   at TwsTester.hid.HID.mxtech_write(Byte hid_cmd, Byte[] param)
[20:45:25:443]CloseHandleX
[20:45:26:250]MXIC_GetMode_IsAPP
[20:45:26:250][HID_TX]01-40-00-00-00-00-00-00-00-00-00-00-00-00-00-00-00-00-00-00-00-00-00-00-00-00-00-00-00-00-00-00-00-00-00-00-00-00-00-00-00-00-00-00-00-00-00-00-00-00-00-00-00-00-00-00-00-00-00-00-00-00-00-00
[20:45:26:250][No HID connection][System.Exception]
[20:45:26:250]   at TwsTester.hid.HID.mxtech_write(Byte hid_cmd, Byte[] param)
[20:45:26:250]CloseHandleX
[20:45:27:063]MXIC_GetMode_IsAPP
[20:45:27:063][HID_TX]01-40-00-00-00-00-00-00-00-00-00-00-00-00-00-00-00-00-00-00-00-00-00-00-00-00-00-00-00-00-00-00-00-00-00-00-00-00-00-00-00-00-00-00-00-00-00-00-00-00-00-00-00-00-00-00-00-00-00-00-00-00-00-00
[20:45:27:063][No HID connection][System.Exception]
[20:45:27:063]   at TwsTester.hid.HID.mxtech_write(Byte hid_cmd, Byte[] param)
[20:45:27:063]CloseHandleX
[20:45:27:872]MXIC_GetMode_IsAPP
[20:45:27:872][HID_TX]01-40-00-00-00-00-00-00-00-00-00-00-00-00-00-00-00-00-00-00-00-00-00-00-00-00-00-00-00-00-00-00-00-00-00-00-00-00-00-00-00-00-00-00-00-00-00-00-00-00-00-00-00-00-00-00-00-00-00-00-00-00-00-00
[20:45:27:872][No HID connection][System.Exception]
[20:45:27:872]   at TwsTester.hid.HID.mxtech_write(Byte hid_cmd, Byte[] param)
[20:45:27:872]CloseHandleX
[20:45:28:680]MXIC_GetMode_IsAPP
[20:45:28:680][HID_TX]01-40-00-00-00-00-00-00-00-00-00-00-00-00-00-00-00-00-00-00-00-00-00-00-00-00-00-00-00-00-00-00-00-00-00-00-00-00-00-00-00-00-00-00-00-00-00-00-00-00-00-00-00-00-00-00-00-00-00-00-00-00-00-00
[20:45:28:680][No HID connection][System.Exception]
[20:45:28:680]   at TwsTester.hid.HID.mxtech_write(Byte hid_cmd, Byte[] param)
[20:45:28:680]CloseHandleX
[20:45:29:492]MXIC_GetMode_IsAPP
[20:45:29:492][HID_TX]01-40-00-00-00-00-00-00-00-00-00-00-00-00-00-00-00-00-00-00-00-00-00-00-00-00-00-00-00-00-00-00-00-00-00-00-00-00-00-00-00-00-00-00-00-00-00-00-00-00-00-00-00-00-00-00-00-00-00-00-00-00-00-00
[20:45:29:492][No HID connection][System.Exception]
[20:45:29:492]   at TwsTester.hid.HID.mxtech_write(Byte hid_cmd, Byte[] param)
[20:45:29:492]CloseHandleX
[20:45:30:303]MXIC_GetMode_IsAPP
[20:45:30:303][HID_TX]01-40-00-00-00-00-00-00-00-00-00-00-00-00-00-00-00-00-00-00-00-00-00-00-00-00-00-00-00-00-00-00-00-00-00-00-00-00-00-00-00-00-00-00-00-00-00-00-00-00-00-00-00-00-00-00-00-00-00-00-00-00-00-00
[20:45:30:303][No HID connection][System.Exception]
[20:45:30:303]   at TwsTester.hid.HID.mxtech_write(Byte hid_cmd, Byte[] param)
[20:45:30:303]CloseHandleX
[20:45:31:116]MXIC_GetMode_IsAPP
[20:45:31:116][HID_TX]01-40-00-00-00-00-00-00-00-00-00-00-00-00-00-00-00-00-00-00-00-00-00-00-00-00-00-00-00-00-00-00-00-00-00-00-00-00-00-00-00-00-00-00-00-00-00-00-00-00-00-00-00-00-00-00-00-00-00-00-00-00-00-00
[20:45:31:116][No HID connection][System.Exception]
[20:45:31:116]   at TwsTester.hid.HID.mxtech_write(Byte hid_cmd, Byte[] param)
[20:45:31:116]CloseHandleX
[20:45:31:926]MXIC_GetMode_IsAPP
[20:45:31:926][HID_TX]01-40-00-00-00-00-00-00-00-00-00-00-00-00-00-00-00-00-00-00-00-00-00-00-00-00-00-00-00-00-00-00-00-00-00-00-00-00-00-00-00-00-00-00-00-00-00-00-00-00-00-00-00-00-00-00-00-00-00-00-00-00-00-00
[20:45:31:926][No HID connection][System.Exception]
[20:45:31:926]   at TwsTester.hid.HID.mxtech_write(Byte hid_cmd, Byte[] param)
[20:45:31:926]CloseHandleX
[20:45:32:740]MXIC_GetMode_IsAPP
[20:45:32:740][HID_TX]01-40-00-00-00-00-00-00-00-00-00-00-00-00-00-00-00-00-00-00-00-00-00-00-00-00-00-00-00-00-00-00-00-00-00-00-00-00-00-00-00-00-00-00-00-00-00-00-00-00-00-00-00-00-00-00-00-00-00-00-00-00-00-00
[20:45:32:740][No HID connection][System.Exception]
[20:45:32:740]   at TwsTester.hid.HID.mxtech_write(Byte hid_cmd, Byte[] param)
[20:45:32:740]CloseHandleX
[20:45:33:552]MXIC_GetMode_IsAPP
[20:45:33:552][HID_TX]01-40-00-00-00-00-00-00-00-00-00-00-00-00-00-00-00-00-00-00-00-00-00-00-00-00-00-00-00-00-00-00-00-00-00-00-00-00-00-00-00-00-00-00-00-00-00-00-00-00-00-00-00-00-00-00-00-00-00-00-00-00-00-00
[20:45:33:552][No HID connection][System.Exception]
[20:45:33:552]   at TwsTester.hid.HID.mxtech_write(Byte hid_cmd, Byte[] param)
[20:45:33:552]CloseHandleX
[20:45:34:366]MXIC_GetMode_IsAPP
[20:45:34:366][HID_TX]01-40-00-00-00-00-00-00-00-00-00-00-00-00-00-00-00-00-00-00-00-00-00-00-00-00-00-00-00-00-00-00-00-00-00-00-00-00-00-00-00-00-00-00-00-00-00-00-00-00-00-00-00-00-00-00-00-00-00-00-00-00-00-00
[20:45:34:366][No HID connection][System.Exception]
[20:45:34:366]   at TwsTester.hid.HID.mxtech_write(Byte hid_cmd, Byte[] param)
[20:45:34:366]CloseHandleX
[20:45:35:176]MXIC_GetMode_IsAPP
[20:45:35:176][HID_TX]01-40-00-00-00-00-00-00-00-00-00-00-00-00-00-00-00-00-00-00-00-00-00-00-00-00-00-00-00-00-00-00-00-00-00-00-00-00-00-00-00-00-00-00-00-00-00-00-00-00-00-00-00-00-00-00-00-00-00-00-00-00-00-00
[20:45:35:176][No HID connection][System.Exception]
[20:45:35:176]   at TwsTester.hid.HID.mxtech_write(Byte hid_cmd, Byte[] param)
[20:45:35:176]CloseHandleX
[20:45:35:989]MXIC_GetMode_IsAPP
[20:45:35:989][HID_TX]01-40-00-00-00-00-00-00-00-00-00-00-00-00-00-00-00-00-00-00-00-00-00-00-00-00-00-00-00-00-00-00-00-00-00-00-00-00-00-00-00-00-00-00-00-00-00-00-00-00-00-00-00-00-00-00-00-00-00-00-00-00-00-00
[20:45:35:989][No HID connection][System.Exception]
[20:45:35:989]   at TwsTester.hid.HID.mxtech_write(Byte hid_cmd, Byte[] param)
[20:45:35:989]CloseHandleX
[20:45:36:798]MXIC_GetMode_IsAPP
[20:45:36:798][HID_TX]01-40-00-00-00-00-00-00-00-00-00-00-00-00-00-00-00-00-00-00-00-00-00-00-00-00-00-00-00-00-00-00-00-00-00-00-00-00-00-00-00-00-00-00-00-00-00-00-00-00-00-00-00-00-00-00-00-00-00-00-00-00-00-00
[20:45:36:798][No HID connection][System.Exception]
[20:45:36:798]   at TwsTester.hid.HID.mxtech_write(Byte hid_cmd, Byte[] param)
[20:45:36:798]CloseHandleX
[20:45:37:613]MXIC_GetMode_IsAPP
[20:45:37:613][HID_TX]01-40-00-00-00-00-00-00-00-00-00-00-00-00-00-00-00-00-00-00-00-00-00-00-00-00-00-00-00-00-00-00-00-00-00-00-00-00-00-00-00-00-00-00-00-00-00-00-00-00-00-00-00-00-00-00-00-00-00-00-00-00-00-00
[20:45:37:613][No HID connection][System.Exception]
[20:45:37:613]   at TwsTester.hid.HID.mxtech_write(Byte hid_cmd, Byte[] param)
[20:45:37:613]CloseHandleX
[20:45:38:427]MXIC_GetMode_IsAPP
[20:45:38:427][HID_TX]01-40-00-00-00-00-00-00-00-00-00-00-00-00-00-00-00-00-00-00-00-00-00-00-00-00-00-00-00-00-00-00-00-00-00-00-00-00-00-00-00-00-00-00-00-00-00-00-00-00-00-00-00-00-00-00-00-00-00-00-00-00-00-00
[20:45:38:427][No HID connection][System.Exception]
[20:45:38:427]   at TwsTester.hid.HID.mxtech_write(Byte hid_cmd, Byte[] param)
[20:45:38:427]CloseHandleX
[20:45:39:237]MXIC_GetMode_IsAPP
[20:45:39:237][HID_TX]01-40-00-00-00-00-00-00-00-00-00-00-00-00-00-00-00-00-00-00-00-00-00-00-00-00-00-00-00-00-00-00-00-00-00-00-00-00-00-00-00-00-00-00-00-00-00-00-00-00-00-00-00-00-00-00-00-00-00-00-00-00-00-00
[20:45:39:237][No HID connection][System.Exception]
[20:45:39:237]   at TwsTester.hid.HID.mxtech_write(Byte hid_cmd, Byte[] param)
[20:45:39:237]CloseHandleX
[20:45:40:046]MXIC_GetMode_IsAPP
[20:45:40:046][HID_TX]01-40-00-00-00-00-00-00-00-00-00-00-00-00-00-00-00-00-00-00-00-00-00-00-00-00-00-00-00-00-00-00-00-00-00-00-00-00-00-00-00-00-00-00-00-00-00-00-00-00-00-00-00-00-00-00-00-00-00-00-00-00-00-00
[20:45:40:046][No HID connection][System.Exception]
[20:45:40:046]   at TwsTester.hid.HID.mxtech_write(Byte hid_cmd, Byte[] param)
[20:45:40:046]CloseHandleX
[20:45:40:862]MXIC_GetMode_IsAPP
[20:45:40:862][HID_TX]01-40-00-00-00-00-00-00-00-00-00-00-00-00-00-00-00-00-00-00-00-00-00-00-00-00-00-00-00-00-00-00-00-00-00-00-00-00-00-00-00-00-00-00-00-00-00-00-00-00-00-00-00-00-00-00-00-00-00-00-00-00-00-00
[20:45:40:862][No HID connection][System.Exception]
[20:45:40:862]   at TwsTester.hid.HID.mxtech_write(Byte hid_cmd, Byte[] param)
[20:45:40:862]CloseHandleX
[20:45:41:674]MXIC_GetMode_IsAPP
[20:45:41:674][HID_TX]01-40-00-00-00-00-00-00-00-00-00-00-00-00-00-00-00-00-00-00-00-00-00-00-00-00-00-00-00-00-00-00-00-00-00-00-00-00-00-00-00-00-00-00-00-00-00-00-00-00-00-00-00-00-00-00-00-00-00-00-00-00-00-00
[20:45:41:674][No HID connection][System.Exception]
[20:45:41:674]   at TwsTester.hid.HID.mxtech_write(Byte hid_cmd, Byte[] param)
[20:45:41:674]CloseHandleX
[20:45:42:486]MXIC_GetMode_IsAPP
[20:45:42:486][HID_TX]01-40-00-00-00-00-00-00-00-00-00-00-00-00-00-00-00-00-00-00-00-00-00-00-00-00-00-00-00-00-00-00-00-00-00-00-00-00-00-00-00-00-00-00-00-00-00-00-00-00-00-00-00-00-00-00-00-00-00-00-00-00-00-00
[20:45:42:486][No HID connection][System.Exception]
[20:45:42:486]   at TwsTester.hid.HID.mxtech_write(Byte hid_cmd, Byte[] param)
[20:45:42:486]CloseHandleX
[20:45:43:296]MXIC_GetMode_IsAPP
[20:45:43:296][HID_TX]01-40-00-00-00-00-00-00-00-00-00-00-00-00-00-00-00-00-00-00-00-00-00-00-00-00-00-00-00-00-00-00-00-00-00-00-00-00-00-00-00-00-00-00-00-00-00-00-00-00-00-00-00-00-00-00-00-00-00-00-00-00-00-00
[20:45:43:296][No HID connection][System.Exception]
[20:45:43:296]   at TwsTester.hid.HID.mxtech_write(Byte hid_cmd, Byte[] param)
[20:45:43:296]CloseHandleX
[20:45:44:107]MXIC_GetMode_IsAPP
[20:45:44:107][HID_TX]01-40-00-00-00-00-00-00-00-00-00-00-00-00-00-00-00-00-00-00-00-00-00-00-00-00-00-00-00-00-00-00-00-00-00-00-00-00-00-00-00-00-00-00-00-00-00-00-00-00-00-00-00-00-00-00-00-00-00-00-00-00-00-00
[20:45:44:107][No HID connection][System.Exception]
[20:45:44:107]   at TwsTester.hid.HID.mxtech_write(Byte hid_cmd, Byte[] param)
[20:45:44:107]CloseHandleX
[20:45:44:917]MXIC_GetMode_IsAPP
[20:45:44:917][HID_TX]01-40-00-00-00-00-00-00-00-00-00-00-00-00-00-00-00-00-00-00-00-00-00-00-00-00-00-00-00-00-00-00-00-00-00-00-00-00-00-00-00-00-00-00-00-00-00-00-00-00-00-00-00-00-00-00-00-00-00-00-00-00-00-00
[20:45:44:917][No HID connection][System.Exception]
[20:45:44:917]   at TwsTester.hid.HID.mxtech_write(Byte hid_cmd, Byte[] param)
[20:45:44:917]CloseHandleX
[20:45:45:725]MXIC_GetMode_IsAPP
[20:45:45:725][HID_TX]01-40-00-00-00-00-00-00-00-00-00-00-00-00-00-00-00-00-00-00-00-00-00-00-00-00-00-00-00-00-00-00-00-00-00-00-00-00-00-00-00-00-00-00-00-00-00-00-00-00-00-00-00-00-00-00-00-00-00-00-00-00-00-00
[20:45:45:725][No HID connection][System.Exception]
[20:45:45:725]   at TwsTester.hid.HID.mxtech_write(Byte hid_cmd, Byte[] param)
[20:45:45:725]CloseHandleX
[20:45:46:534]MXIC_GetMode_IsAPP
[20:45:46:534][HID_TX]01-40-00-00-00-00-00-00-00-00-00-00-00-00-00-00-00-00-00-00-00-00-00-00-00-00-00-00-00-00-00-00-00-00-00-00-00-00-00-00-00-00-00-00-00-00-00-00-00-00-00-00-00-00-00-00-00-00-00-00-00-00-00-00
[20:45:46:534][No HID connection][System.Exception]
[20:45:46:534]   at TwsTester.hid.HID.mxtech_write(Byte hid_cmd, Byte[] param)
[20:45:46:534]CloseHandleX
[20:45:47:343]MXIC_GetMode_IsAPP
[20:45:47:343][HID_TX]01-40-00-00-00-00-00-00-00-00-00-00-00-00-00-00-00-00-00-00-00-00-00-00-00-00-00-00-00-00-00-00-00-00-00-00-00-00-00-00-00-00-00-00-00-00-00-00-00-00-00-00-00-00-00-00-00-00-00-00-00-00-00-00
[20:45:47:343][No HID connection][System.Exception]
[20:45:47:343]   at TwsTester.hid.HID.mxtech_write(Byte hid_cmd, Byte[] param)
[20:45:47:343]CloseHandleX
[20:45:48:157]MXIC_GetMode_IsAPP
[20:45:48:157][HID_TX]01-40-00-00-00-00-00-00-00-00-00-00-00-00-00-00-00-00-00-00-00-00-00-00-00-00-00-00-00-00-00-00-00-00-00-00-00-00-00-00-00-00-00-00-00-00-00-00-00-00-00-00-00-00-00-00-00-00-00-00-00-00-00-00
[20:45:48:157][No HID connection][System.Exception]
[20:45:48:157]   at TwsTester.hid.HID.mxtech_write(Byte hid_cmd, Byte[] param)
[20:45:48:157]CloseHandleX
[20:45:48:962]MXIC_GetMode_IsAPP
[20:45:48:962][HID_TX]01-40-00-00-00-00-00-00-00-00-00-00-00-00-00-00-00-00-00-00-00-00-00-00-00-00-00-00-00-00-00-00-00-00-00-00-00-00-00-00-00-00-00-00-00-00-00-00-00-00-00-00-00-00-00-00-00-00-00-00-00-00-00-00
[20:45:48:962][No HID connection][System.Exception]
[20:45:48:962]   at TwsTester.hid.HID.mxtech_write(Byte hid_cmd, Byte[] param)
[20:45:48:962]CloseHandleX
[20:45:49:772]MXIC_GetMode_IsAPP
[20:45:49:772][HID_TX]01-40-00-00-00-00-00-00-00-00-00-00-00-00-00-00-00-00-00-00-00-00-00-00-00-00-00-00-00-00-00-00-00-00-00-00-00-00-00-00-00-00-00-00-00-00-00-00-00-00-00-00-00-00-00-00-00-00-00-00-00-00-00-00
[20:45:49:772][No HID connection][System.Exception]
[20:45:49:772]   at TwsTester.hid.HID.mxtech_write(Byte hid_cmd, Byte[] param)
[20:45:49:772]CloseHandleX
[20:45:50:583]MXIC_GetMode_IsAPP
[20:45:50:583][HID_TX]01-40-00-00-00-00-00-00-00-00-00-00-00-00-00-00-00-00-00-00-00-00-00-00-00-00-00-00-00-00-00-00-00-00-00-00-00-00-00-00-00-00-00-00-00-00-00-00-00-00-00-00-00-00-00-00-00-00-00-00-00-00-00-00
[20:45:50:583][No HID connection][System.Exception]
[20:45:50:584]   at TwsTester.hid.HID.mxtech_write(Byte hid_cmd, Byte[] param)
[20:45:50:584]CloseHandleX
[20:45:51:392]MXIC_GetMode_IsAPP
[20:45:51:392][HID_TX]01-40-00-00-00-00-00-00-00-00-00-00-00-00-00-00-00-00-00-00-00-00-00-00-00-00-00-00-00-00-00-00-00-00-00-00-00-00-00-00-00-00-00-00-00-00-00-00-00-00-00-00-00-00-00-00-00-00-00-00-00-00-00-00
[20:45:51:392][No HID connection][System.Exception]
[20:45:51:392]   at TwsTester.hid.HID.mxtech_write(Byte hid_cmd, Byte[] param)
[20:45:51:392]CloseHandleX
[20:45:52:204]MXIC_GetMode_IsAPP
[20:45:52:204][HID_TX]01-40-00-00-00-00-00-00-00-00-00-00-00-00-00-00-00-00-00-00-00-00-00-00-00-00-00-00-00-00-00-00-00-00-00-00-00-00-00-00-00-00-00-00-00-00-00-00-00-00-00-00-00-00-00-00-00-00-00-00-00-00-00-00
[20:45:52:204][No HID connection][System.Exception]
[20:45:52:204]   at TwsTester.hid.HID.mxtech_write(Byte hid_cmd, Byte[] param)
[20:45:52:204]CloseHandleX
[20:45:53:016]MXIC_GetMode_IsAPP
[20:45:53:016][HID_TX]01-40-00-00-00-00-00-00-00-00-00-00-00-00-00-00-00-00-00-00-00-00-00-00-00-00-00-00-00-00-00-00-00-00-00-00-00-00-00-00-00-00-00-00-00-00-00-00-00-00-00-00-00-00-00-00-00-00-00-00-00-00-00-00
[20:45:53:016][No HID connection][System.Exception]
[20:45:53:016]   at TwsTester.hid.HID.mxtech_write(Byte hid_cmd, Byte[] param)
[20:45:53:016]CloseHandleX
[20:45:53:828]MXIC_GetMode_IsAPP
[20:45:53:828][HID_TX]01-40-00-00-00-00-00-00-00-00-00-00-00-00-00-00-00-00-00-00-00-00-00-00-00-00-00-00-00-00-00-00-00-00-00-00-00-00-00-00-00-00-00-00-00-00-00-00-00-00-00-00-00-00-00-00-00-00-00-00-00-00-00-00
[20:45:53:828][No HID connection][System.Exception]
[20:45:53:828]   at TwsTester.hid.HID.mxtech_write(Byte hid_cmd, Byte[] param)
[20:45:53:828]CloseHandleX
[20:45:54:640]MXIC_GetMode_IsAPP
[20:45:54:640][HID_TX]01-40-00-00-00-00-00-00-00-00-00-00-00-00-00-00-00-00-00-00-00-00-00-00-00-00-00-00-00-00-00-00-00-00-00-00-00-00-00-00-00-00-00-00-00-00-00-00-00-00-00-00-00-00-00-00-00-00-00-00-00-00-00-00
[20:45:54:640][No HID connection][System.Exception]
[20:45:54:640]   at TwsTester.hid.HID.mxtech_write(Byte hid_cmd, Byte[] param)
[20:45:54:640]CloseHandleX
[20:45:55:451]MXIC_GetMode_IsAPP
[20:45:55:451][HID_TX]01-40-00-00-00-00-00-00-00-00-00-00-00-00-00-00-00-00-00-00-00-00-00-00-00-00-00-00-00-00-00-00-00-00-00-00-00-00-00-00-00-00-00-00-00-00-00-00-00-00-00-00-00-00-00-00-00-00-00-00-00-00-00-00
[20:45:55:451][No HID connection][System.Exception]
[20:45:55:451]   at TwsTester.hid.HID.mxtech_write(Byte hid_cmd, Byte[] param)
[20:45:55:451]CloseHandleX
[20:45:56:260]MXIC_GetMode_IsAPP
[20:45:56:260][HID_TX]01-40-00-00-00-00-00-00-00-00-00-00-00-00-00-00-00-00-00-00-00-00-00-00-00-00-00-00-00-00-00-00-00-00-00-00-00-00-00-00-00-00-00-00-00-00-00-00-00-00-00-00-00-00-00-00-00-00-00-00-00-00-00-00
[20:45:56:260][No HID connection][System.Exception]
[20:45:56:260]   at TwsTester.hid.HID.mxtech_write(Byte hid_cmd, Byte[] param)
[20:45:56:260]CloseHandleX
[20:45:57:072]MXIC_GetMode_IsAPP
[20:45:57:072][HID_TX]01-40-00-00-00-00-00-00-00-00-00-00-00-00-00-00-00-00-00-00-00-00-00-00-00-00-00-00-00-00-00-00-00-00-00-00-00-00-00-00-00-00-00-00-00-00-00-00-00-00-00-00-00-00-00-00-00-00-00-00-00-00-00-00
[20:45:57:072][No HID connection][System.Exception]
[20:45:57:072]   at TwsTester.hid.HID.mxtech_write(Byte hid_cmd, Byte[] param)
[20:45:57:072]CloseHandleX
[20:45:57:872]MXIC_GetMode_IsAPP
[20:45:57:872][HID_TX]01-40-00-00-00-00-00-00-00-00-00-00-00-00-00-00-00-00-00-00-00-00-00-00-00-00-00-00-00-00-00-00-00-00-00-00-00-00-00-00-00-00-00-00-00-00-00-00-00-00-00-00-00-00-00-00-00-00-00-00-00-00-00-00
[20:45:57:872][No HID connection][System.Exception]
[20:45:57:872]   at TwsTester.hid.HID.mxtech_write(Byte hid_cmd, Byte[] param)
[20:45:57:872]CloseHandleX
[20:45:58:682]MXIC_GetMode_IsAPP
[20:45:58:682][HID_TX]01-40-00-00-00-00-00-00-00-00-00-00-00-00-00-00-00-00-00-00-00-00-00-00-00-00-00-00-00-00-00-00-00-00-00-00-00-00-00-00-00-00-00-00-00-00-00-00-00-00-00-00-00-00-00-00-00-00-00-00-00-00-00-00
[20:45:58:682][No HID connection][System.Exception]
[20:45:58:682]   at TwsTester.hid.HID.mxtech_write(Byte hid_cmd, Byte[] param)
[20:45:58:682]CloseHandleX
[20:45:59:495]MXIC_GetMode_IsAPP
[20:45:59:495][HID_TX]01-40-00-00-00-00-00-00-00-00-00-00-00-00-00-00-00-00-00-00-00-00-00-00-00-00-00-00-00-00-00-00-00-00-00-00-00-00-00-00-00-00-00-00-00-00-00-00-00-00-00-00-00-00-00-00-00-00-00-00-00-00-00-00
[20:45:59:495][No HID connection][System.Exception]
[20:45:59:495]   at TwsTester.hid.HID.mxtech_write(Byte hid_cmd, Byte[] param)
[20:45:59:495]CloseHandleX
[20:46:00:307]MXIC_GetMode_IsAPP
[20:46:00:307][HID_TX]01-40-00-00-00-00-00-00-00-00-00-00-00-00-00-00-00-00-00-00-00-00-00-00-00-00-00-00-00-00-00-00-00-00-00-00-00-00-00-00-00-00-00-00-00-00-00-00-00-00-00-00-00-00-00-00-00-00-00-00-00-00-00-00
[20:46:00:307][No HID connection][System.Exception]
[20:46:00:307]   at TwsTester.hid.HID.mxtech_write(Byte hid_cmd, Byte[] param)
[20:46:00:307]CloseHandleX
[20:46:01:114]MXIC_GetMode_IsAPP
[20:46:01:114][HID_TX]01-40-00-00-00-00-00-00-00-00-00-00-00-00-00-00-00-00-00-00-00-00-00-00-00-00-00-00-00-00-00-00-00-00-00-00-00-00-00-00-00-00-00-00-00-00-00-00-00-00-00-00-00-00-00-00-00-00-00-00-00-00-00-00
[20:46:01:114][No HID connection][System.Exception]
[20:46:01:114]   at TwsTester.hid.HID.mxtech_write(Byte hid_cmd, Byte[] param)
[20:46:01:114]CloseHandleX
[20:46:01:925]MXIC_GetMode_IsAPP
[20:46:01:925][HID_TX]01-40-00-00-00-00-00-00-00-00-00-00-00-00-00-00-00-00-00-00-00-00-00-00-00-00-00-00-00-00-00-00-00-00-00-00-00-00-00-00-00-00-00-00-00-00-00-00-00-00-00-00-00-00-00-00-00-00-00-00-00-00-00-00
[20:46:01:925][No HID connection][System.Exception]
[20:46:01:925]   at TwsTester.hid.HID.mxtech_write(Byte hid_cmd, Byte[] param)
[20:46:01:925]CloseHandleX
[20:46:02:737]MXIC_GetMode_IsAPP
[20:46:02:737][HID_TX]01-40-00-00-00-00-00-00-00-00-00-00-00-00-00-00-00-00-00-00-00-00-00-00-00-00-00-00-00-00-00-00-00-00-00-00-00-00-00-00-00-00-00-00-00-00-00-00-00-00-00-00-00-00-00-00-00-00-00-00-00-00-00-00
[20:46:02:737][No HID connection][System.Exception]
[20:46:02:737]   at TwsTester.hid.HID.mxtech_write(Byte hid_cmd, Byte[] param)
[20:46:02:737]CloseHandleX
[20:46:03:549]MXIC_GetMode_IsAPP
[20:46:03:549][HID_TX]01-40-00-00-00-00-00-00-00-00-00-00-00-00-00-00-00-00-00-00-00-00-00-00-00-00-00-00-00-00-00-00-00-00-00-00-00-00-00-00-00-00-00-00-00-00-00-00-00-00-00-00-00-00-00-00-00-00-00-00-00-00-00-00
[20:46:03:549][No HID connection][System.Exception]
[20:46:03:549]   at TwsTester.hid.HID.mxtech_write(Byte hid_cmd, Byte[] param)
[20:46:03:549]CloseHandleX
[20:46:04:360]MXIC_GetMode_IsAPP
[20:46:04:360][HID_TX]01-40-00-00-00-00-00-00-00-00-00-00-00-00-00-00-00-00-00-00-00-00-00-00-00-00-00-00-00-00-00-00-00-00-00-00-00-00-00-00-00-00-00-00-00-00-00-00-00-00-00-00-00-00-00-00-00-00-00-00-00-00-00-00
[20:46:04:360][No HID connection][System.Exception]
[20:46:04:360]   at TwsTester.hid.HID.mxtech_write(Byte hid_cmd, Byte[] param)
[20:46:04:360]CloseHandleX
[20:46:05:170]MXIC_GetMode_IsAPP
[20:46:05:170][HID_TX]01-40-00-00-00-00-00-00-00-00-00-00-00-00-00-00-00-00-00-00-00-00-00-00-00-00-00-00-00-00-00-00-00-00-00-00-00-00-00-00-00-00-00-00-00-00-00-00-00-00-00-00-00-00-00-00-00-00-00-00-00-00-00-00
[20:46:05:170][No HID connection][System.Exception]
[20:46:05:170]   at TwsTester.hid.HID.mxtech_write(Byte hid_cmd, Byte[] param)
[20:46:05:170]CloseHandleX
[20:46:05:985]MXIC_GetMode_IsAPP
[20:46:05:985][HID_TX]01-40-00-00-00-00-00-00-00-00-00-00-00-00-00-00-00-00-00-00-00-00-00-00-00-00-00-00-00-00-00-00-00-00-00-00-00-00-00-00-00-00-00-00-00-00-00-00-00-00-00-00-00-00-00-00-00-00-00-00-00-00-00-00
[20:46:05:985][No HID connection][System.Exception]
[20:46:05:985]   at TwsTester.hid.HID.mxtech_write(Byte hid_cmd, Byte[] param)
[20:46:05:985]CloseHandleX
[20:46:06:796]MXIC_GetMode_IsAPP
[20:46:06:796][HID_TX]01-40-00-00-00-00-00-00-00-00-00-00-00-00-00-00-00-00-00-00-00-00-00-00-00-00-00-00-00-00-00-00-00-00-00-00-00-00-00-00-00-00-00-00-00-00-00-00-00-00-00-00-00-00-00-00-00-00-00-00-00-00-00-00
[20:46:06:796][No HID connection][System.Exception]
[20:46:06:796]   at TwsTester.hid.HID.mxtech_write(Byte hid_cmd, Byte[] param)
[20:46:06:796]CloseHandleX
[20:46:07:607]MXIC_GetMode_IsAPP
[20:46:07:607][HID_TX]01-40-00-00-00-00-00-00-00-00-00-00-00-00-00-00-00-00-00-00-00-00-00-00-00-00-00-00-00-00-00-00-00-00-00-00-00-00-00-00-00-00-00-00-00-00-00-00-00-00-00-00-00-00-00-00-00-00-00-00-00-00-00-00
[20:46:07:607][No HID connection][System.Exception]
[20:46:07:607]   at TwsTester.hid.HID.mxtech_write(Byte hid_cmd, Byte[] param)
[20:46:07:607]CloseHandleX
[20:46:08:415]MXIC_GetMode_IsAPP
[20:46:08:415][HID_TX]01-40-00-00-00-00-00-00-00-00-00-00-00-00-00-00-00-00-00-00-00-00-00-00-00-00-00-00-00-00-00-00-00-00-00-00-00-00-00-00-00-00-00-00-00-00-00-00-00-00-00-00-00-00-00-00-00-00-00-00-00-00-00-00
[20:46:08:415][No HID connection][System.Exception]
[20:46:08:415]   at TwsTester.hid.HID.mxtech_write(Byte hid_cmd, Byte[] param)
[20:46:08:415]CloseHandleX
[20:46:09:216]MXIC_GetMode_IsAPP
[20:46:09:216][HID_TX]01-40-00-00-00-00-00-00-00-00-00-00-00-00-00-00-00-00-00-00-00-00-00-00-00-00-00-00-00-00-00-00-00-00-00-00-00-00-00-00-00-00-00-00-00-00-00-00-00-00-00-00-00-00-00-00-00-00-00-00-00-00-00-00
[20:46:09:216][No HID connection][System.Exception]
[20:46:09:216]   at TwsTester.hid.HID.mxtech_write(Byte hid_cmd, Byte[] param)
[20:46:09:216]CloseHandleX
[20:46:10:024]MXIC_GetMode_IsAPP
[20:46:10:024][HID_TX]01-40-00-00-00-00-00-00-00-00-00-00-00-00-00-00-00-00-00-00-00-00-00-00-00-00-00-00-00-00-00-00-00-00-00-00-00-00-00-00-00-00-00-00-00-00-00-00-00-00-00-00-00-00-00-00-00-00-00-00-00-00-00-00
[20:46:10:024][No HID connection][System.Exception]
[20:46:10:024]   at TwsTester.hid.HID.mxtech_write(Byte hid_cmd, Byte[] param)
[20:46:10:024]CloseHandleX
[20:46:10:834]MXIC_GetMode_IsAPP
[20:46:10:834][HID_TX]01-40-00-00-00-00-00-00-00-00-00-00-00-00-00-00-00-00-00-00-00-00-00-00-00-00-00-00-00-00-00-00-00-00-00-00-00-00-00-00-00-00-00-00-00-00-00-00-00-00-00-00-00-00-00-00-00-00-00-00-00-00-00-00
[20:46:10:834][No HID connection][System.Exception]
[20:46:10:834]   at TwsTester.hid.HID.mxtech_write(Byte hid_cmd, Byte[] param)
[20:46:10:834]CloseHandleX
[20:46:11:642]MXIC_GetMode_IsAPP
[20:46:11:642][HID_TX]01-40-00-00-00-00-00-00-00-00-00-00-00-00-00-00-00-00-00-00-00-00-00-00-00-00-00-00-00-00-00-00-00-00-00-00-00-00-00-00-00-00-00-00-00-00-00-00-00-00-00-00-00-00-00-00-00-00-00-00-00-00-00-00
[20:46:11:642][No HID connection][System.Exception]
[20:46:11:642]   at TwsTester.hid.HID.mxtech_write(Byte hid_cmd, Byte[] param)
[20:46:11:642]CloseHandleX
[20:46:12:454]MXIC_GetMode_IsAPP
[20:46:12:454][HID_TX]01-40-00-00-00-00-00-00-00-00-00-00-00-00-00-00-00-00-00-00-00-00-00-00-00-00-00-00-00-00-00-00-00-00-00-00-00-00-00-00-00-00-00-00-00-00-00-00-00-00-00-00-00-00-00-00-00-00-00-00-00-00-00-00
[20:46:12:454][No HID connection][System.Exception]
[20:46:12:454]   at TwsTester.hid.HID.mxtech_write(Byte hid_cmd, Byte[] param)
[20:46:12:454]CloseHandleX
[20:46:13:266]MXIC_GetMode_IsAPP
[20:46:13:266][HID_TX]01-40-00-00-00-00-00-00-00-00-00-00-00-00-00-00-00-00-00-00-00-00-00-00-00-00-00-00-00-00-00-00-00-00-00-00-00-00-00-00-00-00-00-00-00-00-00-00-00-00-00-00-00-00-00-00-00-00-00-00-00-00-00-00
[20:46:13:266][No HID connection][System.Exception]
[20:46:13:266]   at TwsTester.hid.HID.mxtech_write(Byte hid_cmd, Byte[] param)
[20:46:13:266]CloseHandleX
[20:46:14:078]MXIC_GetMode_IsAPP
[20:46:14:078][HID_TX]01-40-00-00-00-00-00-00-00-00-00-00-00-00-00-00-00-00-00-00-00-00-00-00-00-00-00-00-00-00-00-00-00-00-00-00-00-00-00-00-00-00-00-00-00-00-00-00-00-00-00-00-00-00-00-00-00-00-00-00-00-00-00-00
[20:46:14:078][No HID connection][System.Exception]
[20:46:14:078]   at TwsTester.hid.HID.mxtech_write(Byte hid_cmd, Byte[] param)
[20:46:14:078]CloseHandleX
[20:46:14:886]MXIC_GetMode_IsAPP
[20:46:14:886][HID_TX]01-40-00-00-00-00-00-00-00-00-00-00-00-00-00-00-00-00-00-00-00-00-00-00-00-00-00-00-00-00-00-00-00-00-00-00-00-00-00-00-00-00-00-00-00-00-00-00-00-00-00-00-00-00-00-00-00-00-00-00-00-00-00-00
[20:46:14:886][No HID connection][System.Exception]
[20:46:14:886]   at TwsTester.hid.HID.mxtech_write(Byte hid_cmd, Byte[] param)
[20:46:14:886]CloseHandleX
[20:46:15:697]MXIC_GetMode_IsAPP
[20:46:15:697][HID_TX]01-40-00-00-00-00-00-00-00-00-00-00-00-00-00-00-00-00-00-00-00-00-00-00-00-00-00-00-00-00-00-00-00-00-00-00-00-00-00-00-00-00-00-00-00-00-00-00-00-00-00-00-00-00-00-00-00-00-00-00-00-00-00-00
[20:46:15:697][No HID connection][System.Exception]
[20:46:15:697]   at TwsTester.hid.HID.mxtech_write(Byte hid_cmd, Byte[] param)
[20:46:15:697]CloseHandleX
[20:46:16:507]MXIC_GetMode_IsAPP
[20:46:16:507][HID_TX]01-40-00-00-00-00-00-00-00-00-00-00-00-00-00-00-00-00-00-00-00-00-00-00-00-00-00-00-00-00-00-00-00-00-00-00-00-00-00-00-00-00-00-00-00-00-00-00-00-00-00-00-00-00-00-00-00-00-00-00-00-00-00-00
[20:46:16:507][No HID connection][System.Exception]
[20:46:16:507]   at TwsTester.hid.HID.mxtech_write(Byte hid_cmd, Byte[] param)
[20:46:16:507]CloseHandleX
[20:46:17:308]MXIC_GetMode_IsAPP
[20:46:17:308][HID_TX]01-40-00-00-00-00-00-00-00-00-00-00-00-00-00-00-00-00-00-00-00-00-00-00-00-00-00-00-00-00-00-00-00-00-00-00-00-00-00-00-00-00-00-00-00-00-00-00-00-00-00-00-00-00-00-00-00-00-00-00-00-00-00-00
[20:46:17:308][No HID connection][System.Exception]
[20:46:17:308]   at TwsTester.hid.HID.mxtech_write(Byte hid_cmd, Byte[] param)
[20:46:17:308]CloseHandleX
[20:46:18:118]MXIC_GetMode_IsAPP
[20:46:18:118][HID_TX]01-40-00-00-00-00-00-00-00-00-00-00-00-00-00-00-00-00-00-00-00-00-00-00-00-00-00-00-00-00-00-00-00-00-00-00-00-00-00-00-00-00-00-00-00-00-00-00-00-00-00-00-00-00-00-00-00-00-00-00-00-00-00-00
[20:46:18:118][No HID connection][System.Exception]
[20:46:18:118]   at TwsTester.hid.HID.mxtech_write(Byte hid_cmd, Byte[] param)
[20:46:18:118]CloseHandleX
[20:46:18:925]MXIC_GetMode_IsAPP
[20:46:18:925][HID_TX]01-40-00-00-00-00-00-00-00-00-00-00-00-00-00-00-00-00-00-00-00-00-00-00-00-00-00-00-00-00-00-00-00-00-00-00-00-00-00-00-00-00-00-00-00-00-00-00-00-00-00-00-00-00-00-00-00-00-00-00-00-00-00-00
[20:46:18:925][No HID connection][System.Exception]
[20:46:18:925]   at TwsTester.hid.HID.mxtech_write(Byte hid_cmd, Byte[] param)
[20:46:18:925]CloseHandleX
[20:46:19:739]MXIC_GetMode_IsAPP
[20:46:19:739][HID_TX]01-40-00-00-00-00-00-00-00-00-00-00-00-00-00-00-00-00-00-00-00-00-00-00-00-00-00-00-00-00-00-00-00-00-00-00-00-00-00-00-00-00-00-00-00-00-00-00-00-00-00-00-00-00-00-00-00-00-00-00-00-00-00-00
[20:46:19:739][No HID connection][System.Exception]
[20:46:19:739]   at TwsTester.hid.HID.mxtech_write(Byte hid_cmd, Byte[] param)
[20:46:19:739]CloseHandleX
[20:46:20:548]MXIC_GetMode_IsAPP
[20:46:20:548][HID_TX]01-40-00-00-00-00-00-00-00-00-00-00-00-00-00-00-00-00-00-00-00-00-00-00-00-00-00-00-00-00-00-00-00-00-00-00-00-00-00-00-00-00-00-00-00-00-00-00-00-00-00-00-00-00-00-00-00-00-00-00-00-00-00-00
[20:46:20:548][No HID connection][System.Exception]
[20:46:20:548]   at TwsTester.hid.HID.mxtech_write(Byte hid_cmd, Byte[] param)
[20:46:20:548]CloseHandleX
[20:46:21:354]MXIC_GetMode_IsAPP
[20:46:21:354][HID_TX]01-40-00-00-00-00-00-00-00-00-00-00-00-00-00-00-00-00-00-00-00-00-00-00-00-00-00-00-00-00-00-00-00-00-00-00-00-00-00-00-00-00-00-00-00-00-00-00-00-00-00-00-00-00-00-00-00-00-00-00-00-00-00-00
[20:46:21:354][No HID connection][System.Exception]
[20:46:21:354]   at TwsTester.hid.HID.mxtech_write(Byte hid_cmd, Byte[] param)
[20:46:21:354]CloseHandleX
[20:46:22:162]MXIC_GetMode_IsAPP
[20:46:22:162][HID_TX]01-40-00-00-00-00-00-00-00-00-00-00-00-00-00-00-00-00-00-00-00-00-00-00-00-00-00-00-00-00-00-00-00-00-00-00-00-00-00-00-00-00-00-00-00-00-00-00-00-00-00-00-00-00-00-00-00-00-00-00-00-00-00-00
[20:46:22:162][No HID connection][System.Exception]
[20:46:22:162]   at TwsTester.hid.HID.mxtech_write(Byte hid_cmd, Byte[] param)
[20:46:22:162]CloseHandleX
[20:46:22:978]MXIC_GetMode_IsAPP
[20:46:22:978][HID_TX]01-40-00-00-00-00-00-00-00-00-00-00-00-00-00-00-00-00-00-00-00-00-00-00-00-00-00-00-00-00-00-00-00-00-00-00-00-00-00-00-00-00-00-00-00-00-00-00-00-00-00-00-00-00-00-00-00-00-00-00-00-00-00-00
[20:46:22:978][No HID connection][System.Exception]
[20:46:22:978]   at TwsTester.hid.HID.mxtech_write(Byte hid_cmd, Byte[] param)
[20:46:22:978]CloseHandleX
[20:46:23:788]MXIC_GetMode_IsAPP
[20:46:23:788][HID_TX]01-40-00-00-00-00-00-00-00-00-00-00-00-00-00-00-00-00-00-00-00-00-00-00-00-00-00-00-00-00-00-00-00-00-00-00-00-00-00-00-00-00-00-00-00-00-00-00-00-00-00-00-00-00-00-00-00-00-00-00-00-00-00-00
[20:46:23:788][No HID connection][System.Exception]
[20:46:23:788]   at TwsTester.hid.HID.mxtech_write(Byte hid_cmd, Byte[] param)
[20:46:23:788]CloseHandleX
[20:46:24:597]MXIC_GetMode_IsAPP
[20:46:24:597][HID_TX]01-40-00-00-00-00-00-00-00-00-00-00-00-00-00-00-00-00-00-00-00-00-00-00-00-00-00-00-00-00-00-00-00-00-00-00-00-00-00-00-00-00-00-00-00-00-00-00-00-00-00-00-00-00-00-00-00-00-00-00-00-00-00-00
[20:46:24:597][No HID connection][System.Exception]
[20:46:24:597]   at TwsTester.hid.HID.mxtech_write(Byte hid_cmd, Byte[] param)
[20:46:24:597]CloseHandleX
[20:46:25:406]MXIC_GetMode_IsAPP
[20:46:25:406][HID_TX]01-40-00-00-00-00-00-00-00-00-00-00-00-00-00-00-00-00-00-00-00-00-00-00-00-00-00-00-00-00-00-00-00-00-00-00-00-00-00-00-00-00-00-00-00-00-00-00-00-00-00-00-00-00-00-00-00-00-00-00-00-00-00-00
[20:46:25:406][No HID connection][System.Exception]
[20:46:25:406]   at TwsTester.hid.HID.mxtech_write(Byte hid_cmd, Byte[] param)
[20:46:25:406]CloseHandleX
[20:46:26:216]MXIC_GetMode_IsAPP
[20:46:26:216][HID_TX]01-40-00-00-00-00-00-00-00-00-00-00-00-00-00-00-00-00-00-00-00-00-00-00-00-00-00-00-00-00-00-00-00-00-00-00-00-00-00-00-00-00-00-00-00-00-00-00-00-00-00-00-00-00-00-00-00-00-00-00-00-00-00-00
[20:46:26:216][No HID connection][System.Exception]
[20:46:26:216]   at TwsTester.hid.HID.mxtech_write(Byte hid_cmd, Byte[] param)
[20:46:26:216]CloseHandleX
[20:46:27:017]MXIC_GetMode_IsAPP
[20:46:27:017][HID_TX]01-40-00-00-00-00-00-00-00-00-00-00-00-00-00-00-00-00-00-00-00-00-00-00-00-00-00-00-00-00-00-00-00-00-00-00-00-00-00-00-00-00-00-00-00-00-00-00-00-00-00-00-00-00-00-00-00-00-00-00-00-00-00-00
[20:46:27:017][No HID connection][System.Exception]
[20:46:27:017]   at TwsTester.hid.HID.mxtech_write(Byte hid_cmd, Byte[] param)
[20:46:27:017]CloseHandleX
[20:46:27:826]MXIC_GetMode_IsAPP
[20:46:27:826][HID_TX]01-40-00-00-00-00-00-00-00-00-00-00-00-00-00-00-00-00-00-00-00-00-00-00-00-00-00-00-00-00-00-00-00-00-00-00-00-00-00-00-00-00-00-00-00-00-00-00-00-00-00-00-00-00-00-00-00-00-00-00-00-00-00-00
[20:46:27:826][No HID connection][System.Exception]
[20:46:27:826]   at TwsTester.hid.HID.mxtech_write(Byte hid_cmd, Byte[] param)
[20:46:27:826]CloseHandleX
[20:46:28:634]MXIC_GetMode_IsAPP
[20:46:28:634][HID_TX]01-40-00-00-00-00-00-00-00-00-00-00-00-00-00-00-00-00-00-00-00-00-00-00-00-00-00-00-00-00-00-00-00-00-00-00-00-00-00-00-00-00-00-00-00-00-00-00-00-00-00-00-00-00-00-00-00-00-00-00-00-00-00-00
[20:46:28:634][No HID connection][System.Exception]
[20:46:28:634]   at TwsTester.hid.HID.mxtech_write(Byte hid_cmd, Byte[] param)
[20:46:28:634]CloseHandleX
[20:46:29:443]MXIC_GetMode_IsAPP
[20:46:29:443][HID_TX]01-40-00-00-00-00-00-00-00-00-00-00-00-00-00-00-00-00-00-00-00-00-00-00-00-00-00-00-00-00-00-00-00-00-00-00-00-00-00-00-00-00-00-00-00-00-00-00-00-00-00-00-00-00-00-00-00-00-00-00-00-00-00-00
[20:46:29:443][No HID connection][System.Exception]
[20:46:29:443]   at TwsTester.hid.HID.mxtech_write(Byte hid_cmd, Byte[] param)
[20:46:29:443]CloseHandleX
[20:46:30:252]MXIC_GetMode_IsAPP
[20:46:30:252][HID_TX]01-40-00-00-00-00-00-00-00-00-00-00-00-00-00-00-00-00-00-00-00-00-00-00-00-00-00-00-00-00-00-00-00-00-00-00-00-00-00-00-00-00-00-00-00-00-00-00-00-00-00-00-00-00-00-00-00-00-00-00-00-00-00-00
[20:46:30:252][No HID connection][System.Exception]
[20:46:30:252]   at TwsTester.hid.HID.mxtech_write(Byte hid_cmd, Byte[] param)
[20:46:30:252]CloseHandleX
[20:46:31:065]MXIC_GetMode_IsAPP
[20:46:31:065][HID_TX]01-40-00-00-00-00-00-00-00-00-00-00-00-00-00-00-00-00-00-00-00-00-00-00-00-00-00-00-00-00-00-00-00-00-00-00-00-00-00-00-00-00-00-00-00-00-00-00-00-00-00-00-00-00-00-00-00-00-00-00-00-00-00-00
[20:46:31:065][No HID connection][System.Exception]
[20:46:31:065]   at TwsTester.hid.HID.mxtech_write(Byte hid_cmd, Byte[] param)
[20:46:31:065]CloseHandleX
[20:46:31:877]MXIC_GetMode_IsAPP
[20:46:31:877][HID_TX]01-40-00-00-00-00-00-00-00-00-00-00-00-00-00-00-00-00-00-00-00-00-00-00-00-00-00-00-00-00-00-00-00-00-00-00-00-00-00-00-00-00-00-00-00-00-00-00-00-00-00-00-00-00-00-00-00-00-00-00-00-00-00-00
[20:46:31:877][No HID connection][System.Exception]
[20:46:31:877]   at TwsTester.hid.HID.mxtech_write(Byte hid_cmd, Byte[] param)
[20:46:31:877]CloseHandleX
[20:46:32:687]MXIC_GetMode_IsAPP
[20:46:32:687][HID_TX]01-40-00-00-00-00-00-00-00-00-00-00-00-00-00-00-00-00-00-00-00-00-00-00-00-00-00-00-00-00-00-00-00-00-00-00-00-00-00-00-00-00-00-00-00-00-00-00-00-00-00-00-00-00-00-00-00-00-00-00-00-00-00-00
[20:46:32:687][No HID connection][System.Exception]
[20:46:32:687]   at TwsTester.hid.HID.mxtech_write(Byte hid_cmd, Byte[] param)
[20:46:32:687]CloseHandleX
[20:46:33:496]MXIC_GetMode_IsAPP
[20:46:33:496][HID_TX]01-40-00-00-00-00-00-00-00-00-00-00-00-00-00-00-00-00-00-00-00-00-00-00-00-00-00-00-00-00-00-00-00-00-00-00-00-00-00-00-00-00-00-00-00-00-00-00-00-00-00-00-00-00-00-00-00-00-00-00-00-00-00-00
[20:46:33:496][No HID connection][System.Exception]
[20:46:33:496]   at TwsTester.hid.HID.mxtech_write(Byte hid_cmd, Byte[] param)
[20:46:33:496]CloseHandleX
[20:46:34:309]MXIC_GetMode_IsAPP
[20:46:34:309][HID_TX]01-40-00-00-00-00-00-00-00-00-00-00-00-00-00-00-00-00-00-00-00-00-00-00-00-00-00-00-00-00-00-00-00-00-00-00-00-00-00-00-00-00-00-00-00-00-00-00-00-00-00-00-00-00-00-00-00-00-00-00-00-00-00-00
[20:46:34:309][No HID connection][System.Exception]
[20:46:34:309]   at TwsTester.hid.HID.mxtech_write(Byte hid_cmd, Byte[] param)
[20:46:34:309]CloseHandleX
[20:46:35:116]MXIC_GetMode_IsAPP
[20:46:35:116][HID_TX]01-40-00-00-00-00-00-00-00-00-00-00-00-00-00-00-00-00-00-00-00-00-00-00-00-00-00-00-00-00-00-00-00-00-00-00-00-00-00-00-00-00-00-00-00-00-00-00-00-00-00-00-00-00-00-00-00-00-00-00-00-00-00-00
[20:46:35:116][No HID connection][System.Exception]
[20:46:35:116]   at TwsTester.hid.HID.mxtech_write(Byte hid_cmd, Byte[] param)
[20:46:35:116]CloseHandleX
[20:46:35:927]MXIC_GetMode_IsAPP
[20:46:35:927][HID_TX]01-40-00-00-00-00-00-00-00-00-00-00-00-00-00-00-00-00-00-00-00-00-00-00-00-00-00-00-00-00-00-00-00-00-00-00-00-00-00-00-00-00-00-00-00-00-00-00-00-00-00-00-00-00-00-00-00-00-00-00-00-00-00-00
[20:46:35:927][No HID connection][System.Exception]
[20:46:35:927]   at TwsTester.hid.HID.mxtech_write(Byte hid_cmd, Byte[] param)
[20:46:35:927]CloseHandleX
[20:46:36:737]MXIC_GetMode_IsAPP
[20:46:36:737][HID_TX]01-40-00-00-00-00-00-00-00-00-00-00-00-00-00-00-00-00-00-00-00-00-00-00-00-00-00-00-00-00-00-00-00-00-00-00-00-00-00-00-00-00-00-00-00-00-00-00-00-00-00-00-00-00-00-00-00-00-00-00-00-00-00-00
[20:46:36:737][No HID connection][System.Exception]
[20:46:36:737]   at TwsTester.hid.HID.mxtech_write(Byte hid_cmd, Byte[] param)
[20:46:36:737]CloseHandleX
[20:46:37:545]MXIC_GetMode_IsAPP
[20:46:37:545][HID_TX]01-40-00-00-00-00-00-00-00-00-00-00-00-00-00-00-00-00-00-00-00-00-00-00-00-00-00-00-00-00-00-00-00-00-00-00-00-00-00-00-00-00-00-00-00-00-00-00-00-00-00-00-00-00-00-00-00-00-00-00-00-00-00-00
[20:46:37:545][No HID connection][System.Exception]
[20:46:37:545]   at TwsTester.hid.HID.mxtech_write(Byte hid_cmd, Byte[] param)
[20:46:37:545]CloseHandleX
[20:46:38:346]MXIC_GetMode_IsAPP
[20:46:38:346][HID_TX]01-40-00-00-00-00-00-00-00-00-00-00-00-00-00-00-00-00-00-00-00-00-00-00-00-00-00-00-00-00-00-00-00-00-00-00-00-00-00-00-00-00-00-00-00-00-00-00-00-00-00-00-00-00-00-00-00-00-00-00-00-00-00-00
[20:46:38:346][No HID connection][System.Exception]
[20:46:38:346]   at TwsTester.hid.HID.mxtech_write(Byte hid_cmd, Byte[] param)
[20:46:38:346]CloseHandleX
[20:46:39:157]MXIC_GetMode_IsAPP
[20:46:39:157][HID_TX]01-40-00-00-00-00-00-00-00-00-00-00-00-00-00-00-00-00-00-00-00-00-00-00-00-00-00-00-00-00-00-00-00-00-00-00-00-00-00-00-00-00-00-00-00-00-00-00-00-00-00-00-00-00-00-00-00-00-00-00-00-00-00-00
[20:46:39:157][No HID connection][System.Exception]
[20:46:39:157]   at TwsTester.hid.HID.mxtech_write(Byte hid_cmd, Byte[] param)
[20:46:39:157]CloseHandleX
[20:46:39:973]MXIC_GetMode_IsAPP
[20:46:39:973][HID_TX]01-40-00-00-00-00-00-00-00-00-00-00-00-00-00-00-00-00-00-00-00-00-00-00-00-00-00-00-00-00-00-00-00-00-00-00-00-00-00-00-00-00-00-00-00-00-00-00-00-00-00-00-00-00-00-00-00-00-00-00-00-00-00-00
[20:46:39:973][No HID connection][System.Exception]
[20:46:39:973]   at TwsTester.hid.HID.mxtech_write(Byte hid_cmd, Byte[] param)
[20:46:39:973]CloseHandleX
[20:46:40:783]MXIC_GetMode_IsAPP
[20:46:40:783][HID_TX]01-40-00-00-00-00-00-00-00-00-00-00-00-00-00-00-00-00-00-00-00-00-00-00-00-00-00-00-00-00-00-00-00-00-00-00-00-00-00-00-00-00-00-00-00-00-00-00-00-00-00-00-00-00-00-00-00-00-00-00-00-00-00-00
[20:46:40:783][No HID connection][System.Exception]
[20:46:40:783]   at TwsTester.hid.HID.mxtech_write(Byte hid_cmd, Byte[] param)
[20:46:40:783]CloseHandleX
[20:46:41:596]MXIC_GetMode_IsAPP
[20:46:41:596][HID_TX]01-40-00-00-00-00-00-00-00-00-00-00-00-00-00-00-00-00-00-00-00-00-00-00-00-00-00-00-00-00-00-00-00-00-00-00-00-00-00-00-00-00-00-00-00-00-00-00-00-00-00-00-00-00-00-00-00-00-00-00-00-00-00-00
[20:46:41:596][No HID connection][System.Exception]
[20:46:41:596]   at TwsTester.hid.HID.mxtech_write(Byte hid_cmd, Byte[] param)
[20:46:41:596]CloseHandleX
[20:46:42:407]MXIC_GetMode_IsAPP
[20:46:42:407][HID_TX]01-40-00-00-00-00-00-00-00-00-00-00-00-00-00-00-00-00-00-00-00-00-00-00-00-00-00-00-00-00-00-00-00-00-00-00-00-00-00-00-00-00-00-00-00-00-00-00-00-00-00-00-00-00-00-00-00-00-00-00-00-00-00-00
[20:46:42:407][No HID connection][System.Exception]
[20:46:42:407]   at TwsTester.hid.HID.mxtech_write(Byte hid_cmd, Byte[] param)
[20:46:42:407]CloseHandleX
[20:46:43:213]MXIC_GetMode_IsAPP
[20:46:43:213][HID_TX]01-40-00-00-00-00-00-00-00-00-00-00-00-00-00-00-00-00-00-00-00-00-00-00-00-00-00-00-00-00-00-00-00-00-00-00-00-00-00-00-00-00-00-00-00-00-00-00-00-00-00-00-00-00-00-00-00-00-00-00-00-00-00-00
[20:46:43:213][No HID connection][System.Exception]
[20:46:43:213]   at TwsTester.hid.HID.mxtech_write(Byte hid_cmd, Byte[] param)
[20:46:43:213]CloseHandleX
[20:46:44:028]MXIC_GetMode_IsAPP
[20:46:44:028][HID_TX]01-40-00-00-00-00-00-00-00-00-00-00-00-00-00-00-00-00-00-00-00-00-00-00-00-00-00-00-00-00-00-00-00-00-00-00-00-00-00-00-00-00-00-00-00-00-00-00-00-00-00-00-00-00-00-00-00-00-00-00-00-00-00-00
[20:46:44:028][No HID connection][System.Exception]
[20:46:44:028]   at TwsTester.hid.HID.mxtech_write(Byte hid_cmd, Byte[] param)
[20:46:44:028]CloseHandleX
[20:46:44:837]MXIC_GetMode_IsAPP
[20:46:44:837][HID_TX]01-40-00-00-00-00-00-00-00-00-00-00-00-00-00-00-00-00-00-00-00-00-00-00-00-00-00-00-00-00-00-00-00-00-00-00-00-00-00-00-00-00-00-00-00-00-00-00-00-00-00-00-00-00-00-00-00-00-00-00-00-00-00-00
[20:46:44:837][No HID connection][System.Exception]
[20:46:44:837]   at TwsTester.hid.HID.mxtech_write(Byte hid_cmd, Byte[] param)
[20:46:44:837]CloseHandleX
[20:46:45:648]MXIC_GetMode_IsAPP
[20:46:45:648][HID_TX]01-40-00-00-00-00-00-00-00-00-00-00-00-00-00-00-00-00-00-00-00-00-00-00-00-00-00-00-00-00-00-00-00-00-00-00-00-00-00-00-00-00-00-00-00-00-00-00-00-00-00-00-00-00-00-00-00-00-00-00-00-00-00-00
[20:46:45:648][No HID connection][System.Exception]
[20:46:45:648]   at TwsTester.hid.HID.mxtech_write(Byte hid_cmd, Byte[] param)
[20:46:45:648]CloseHandleX
[20:46:46:456]MXIC_GetMode_IsAPP
[20:46:46:456][HID_TX]01-40-00-00-00-00-00-00-00-00-00-00-00-00-00-00-00-00-00-00-00-00-00-00-00-00-00-00-00-00-00-00-00-00-00-00-00-00-00-00-00-00-00-00-00-00-00-00-00-00-00-00-00-00-00-00-00-00-00-00-00-00-00-00
[20:46:46:456][No HID connection][System.Exception]
[20:46:46:456]   at TwsTester.hid.HID.mxtech_write(Byte hid_cmd, Byte[] param)
[20:46:46:456]CloseHandleX
[20:46:47:266]MXIC_GetMode_IsAPP
[20:46:47:266][HID_TX]01-40-00-00-00-00-00-00-00-00-00-00-00-00-00-00-00-00-00-00-00-00-00-00-00-00-00-00-00-00-00-00-00-00-00-00-00-00-00-00-00-00-00-00-00-00-00-00-00-00-00-00-00-00-00-00-00-00-00-00-00-00-00-00
[20:46:47:266][No HID connection][System.Exception]
[20:46:47:266]   at TwsTester.hid.HID.mxtech_write(Byte hid_cmd, Byte[] param)
[20:46:47:266]CloseHandleX
[20:46:48:078]MXIC_GetMode_IsAPP
[20:46:48:078][HID_TX]01-40-00-00-00-00-00-00-00-00-00-00-00-00-00-00-00-00-00-00-00-00-00-00-00-00-00-00-00-00-00-00-00-00-00-00-00-00-00-00-00-00-00-00-00-00-00-00-00-00-00-00-00-00-00-00-00-00-00-00-00-00-00-00
[20:46:48:078][No HID connection][System.Exception]
[20:46:48:078]   at TwsTester.hid.HID.mxtech_write(Byte hid_cmd, Byte[] param)
[20:46:48:078]CloseHandleX
[20:46:48:887]MXIC_GetMode_IsAPP
[20:46:48:887][HID_TX]01-40-00-00-00-00-00-00-00-00-00-00-00-00-00-00-00-00-00-00-00-00-00-00-00-00-00-00-00-00-00-00-00-00-00-00-00-00-00-00-00-00-00-00-00-00-00-00-00-00-00-00-00-00-00-00-00-00-00-00-00-00-00-00
[20:46:48:887][No HID connection][System.Exception]
[20:46:48:887]   at TwsTester.hid.HID.mxtech_write(Byte hid_cmd, Byte[] param)
[20:46:48:887]CloseHandleX
[20:46:49:695]MXIC_GetMode_IsAPP
[20:46:49:695][HID_TX]01-40-00-00-00-00-00-00-00-00-00-00-00-00-00-00-00-00-00-00-00-00-00-00-00-00-00-00-00-00-00-00-00-00-00-00-00-00-00-00-00-00-00-00-00-00-00-00-00-00-00-00-00-00-00-00-00-00-00-00-00-00-00-00
[20:46:49:695][No HID connection][System.Exception]
[20:46:49:695]   at TwsTester.hid.HID.mxtech_write(Byte hid_cmd, Byte[] param)
[20:46:49:695]CloseHandleX
[20:46:50:506]MXIC_GetMode_IsAPP
[20:46:50:506][HID_TX]01-40-00-00-00-00-00-00-00-00-00-00-00-00-00-00-00-00-00-00-00-00-00-00-00-00-00-00-00-00-00-00-00-00-00-00-00-00-00-00-00-00-00-00-00-00-00-00-00-00-00-00-00-00-00-00-00-00-00-00-00-00-00-00
[20:46:50:506][No HID connection][System.Exception]
[20:46:50:506]   at TwsTester.hid.HID.mxtech_write(Byte hid_cmd, Byte[] param)
[20:46:50:506]CloseHandleX
[20:46:51:315]MXIC_GetMode_IsAPP
[20:46:51:315][HID_TX]01-40-00-00-00-00-00-00-00-00-00-00-00-00-00-00-00-00-00-00-00-00-00-00-00-00-00-00-00-00-00-00-00-00-00-00-00-00-00-00-00-00-00-00-00-00-00-00-00-00-00-00-00-00-00-00-00-00-00-00-00-00-00-00
[20:46:51:315][No HID connection][System.Exception]
[20:46:51:315]   at TwsTester.hid.HID.mxtech_write(Byte hid_cmd, Byte[] param)
[20:46:51:315]CloseHandleX
[20:46:52:127]MXIC_GetMode_IsAPP
[20:46:52:127][HID_TX]01-40-00-00-00-00-00-00-00-00-00-00-00-00-00-00-00-00-00-00-00-00-00-00-00-00-00-00-00-00-00-00-00-00-00-00-00-00-00-00-00-00-00-00-00-00-00-00-00-00-00-00-00-00-00-00-00-00-00-00-00-00-00-00
[20:46:52:127][No HID connection][System.Exception]
[20:46:52:127]   at TwsTester.hid.HID.mxtech_write(Byte hid_cmd, Byte[] param)
[20:46:52:127]CloseHandleX
[20:46:52:939]MXIC_GetMode_IsAPP
[20:46:52:939][HID_TX]01-40-00-00-00-00-00-00-00-00-00-00-00-00-00-00-00-00-00-00-00-00-00-00-00-00-00-00-00-00-00-00-00-00-00-00-00-00-00-00-00-00-00-00-00-00-00-00-00-00-00-00-00-00-00-00-00-00-00-00-00-00-00-00
[20:46:52:939][No HID connection][System.Exception]
[20:46:52:939]   at TwsTester.hid.HID.mxtech_write(Byte hid_cmd, Byte[] param)
[20:46:52:939]CloseHandleX
[20:46:53:751]MXIC_GetMode_IsAPP
[20:46:53:751][HID_TX]01-40-00-00-00-00-00-00-00-00-00-00-00-00-00-00-00-00-00-00-00-00-00-00-00-00-00-00-00-00-00-00-00-00-00-00-00-00-00-00-00-00-00-00-00-00-00-00-00-00-00-00-00-00-00-00-00-00-00-00-00-00-00-00
[20:46:53:751][No HID connection][System.Exception]
[20:46:53:751]   at TwsTester.hid.HID.mxtech_write(Byte hid_cmd, Byte[] param)
[20:46:53:751]CloseHandleX
[20:46:54:562]MXIC_GetMode_IsAPP
[20:46:54:562][HID_TX]01-40-00-00-00-00-00-00-00-00-00-00-00-00-00-00-00-00-00-00-00-00-00-00-00-00-00-00-00-00-00-00-00-00-00-00-00-00-00-00-00-00-00-00-00-00-00-00-00-00-00-00-00-00-00-00-00-00-00-00-00-00-00-00
[20:46:54:562][No HID connection][System.Exception]
[20:46:54:562]   at TwsTester.hid.HID.mxtech_write(Byte hid_cmd, Byte[] param)
[20:46:54:562]CloseHandleX
[20:46:55:371]MXIC_GetMode_IsAPP
[20:46:55:371][HID_TX]01-40-00-00-00-00-00-00-00-00-00-00-00-00-00-00-00-00-00-00-00-00-00-00-00-00-00-00-00-00-00-00-00-00-00-00-00-00-00-00-00-00-00-00-00-00-00-00-00-00-00-00-00-00-00-00-00-00-00-00-00-00-00-00
[20:46:55:371][No HID connection][System.Exception]
[20:46:55:371]   at TwsTester.hid.HID.mxtech_write(Byte hid_cmd, Byte[] param)
[20:46:55:371]CloseHandleX
[20:46:56:180]MXIC_GetMode_IsAPP
[20:46:56:180][HID_TX]01-40-00-00-00-00-00-00-00-00-00-00-00-00-00-00-00-00-00-00-00-00-00-00-00-00-00-00-00-00-00-00-00-00-00-00-00-00-00-00-00-00-00-00-00-00-00-00-00-00-00-00-00-00-00-00-00-00-00-00-00-00-00-00
[20:46:56:180][No HID connection][System.Exception]
[20:46:56:180]   at TwsTester.hid.HID.mxtech_write(Byte hid_cmd, Byte[] param)
[20:46:56:180]CloseHandleX
[20:46:56:994]MXIC_GetMode_IsAPP
[20:46:56:994][HID_TX]01-40-00-00-00-00-00-00-00-00-00-00-00-00-00-00-00-00-00-00-00-00-00-00-00-00-00-00-00-00-00-00-00-00-00-00-00-00-00-00-00-00-00-00-00-00-00-00-00-00-00-00-00-00-00-00-00-00-00-00-00-00-00-00
[20:46:56:994][No HID connection][System.Exception]
[20:46:56:994]   at TwsTester.hid.HID.mxtech_write(Byte hid_cmd, Byte[] param)
[20:46:56:994]CloseHandleX
[20:46:57:800]MXIC_GetMode_IsAPP
[20:46:57:800][HID_TX]01-40-00-00-00-00-00-00-00-00-00-00-00-00-00-00-00-00-00-00-00-00-00-00-00-00-00-00-00-00-00-00-00-00-00-00-00-00-00-00-00-00-00-00-00-00-00-00-00-00-00-00-00-00-00-00-00-00-00-00-00-00-00-00
[20:46:57:800][No HID connection][System.Exception]
[20:46:57:800]   at TwsTester.hid.HID.mxtech_write(Byte hid_cmd, Byte[] param)
[20:46:57:800]CloseHandleX
[20:46:58:612]MXIC_GetMode_IsAPP
[20:46:58:612][HID_TX]01-40-00-00-00-00-00-00-00-00-00-00-00-00-00-00-00-00-00-00-00-00-00-00-00-00-00-00-00-00-00-00-00-00-00-00-00-00-00-00-00-00-00-00-00-00-00-00-00-00-00-00-00-00-00-00-00-00-00-00-00-00-00-00
[20:46:58:612][No HID connection][System.Exception]
[20:46:58:612]   at TwsTester.hid.HID.mxtech_write(Byte hid_cmd, Byte[] param)
[20:46:58:612]CloseHandleX
[20:46:59:426]MXIC_GetMode_IsAPP
[20:46:59:426][HID_TX]01-40-00-00-00-00-00-00-00-00-00-00-00-00-00-00-00-00-00-00-00-00-00-00-00-00-00-00-00-00-00-00-00-00-00-00-00-00-00-00-00-00-00-00-00-00-00-00-00-00-00-00-00-00-00-00-00-00-00-00-00-00-00-00
[20:46:59:426][No HID connection][System.Exception]
[20:46:59:426]   at TwsTester.hid.HID.mxtech_write(Byte hid_cmd, Byte[] param)
[20:46:59:426]CloseHandleX
[20:47:00:236]MXIC_GetMode_IsAPP
[20:47:00:236][HID_TX]01-40-00-00-00-00-00-00-00-00-00-00-00-00-00-00-00-00-00-00-00-00-00-00-00-00-00-00-00-00-00-00-00-00-00-00-00-00-00-00-00-00-00-00-00-00-00-00-00-00-00-00-00-00-00-00-00-00-00-00-00-00-00-00
[20:47:00:236][No HID connection][System.Exception]
[20:47:00:236]   at TwsTester.hid.HID.mxtech_write(Byte hid_cmd, Byte[] param)
[20:47:00:236]CloseHandleX
[20:47:01:046]MXIC_GetMode_IsAPP
[20:47:01:046][HID_TX]01-40-00-00-00-00-00-00-00-00-00-00-00-00-00-00-00-00-00-00-00-00-00-00-00-00-00-00-00-00-00-00-00-00-00-00-00-00-00-00-00-00-00-00-00-00-00-00-00-00-00-00-00-00-00-00-00-00-00-00-00-00-00-00
[20:47:01:046][No HID connection][System.Exception]
[20:47:01:046]   at TwsTester.hid.HID.mxtech_write(Byte hid_cmd, Byte[] param)
[20:47:01:046]CloseHandleX
[20:47:01:857]MXIC_GetMode_IsAPP
[20:47:01:857][HID_TX]01-40-00-00-00-00-00-00-00-00-00-00-00-00-00-00-00-00-00-00-00-00-00-00-00-00-00-00-00-00-00-00-00-00-00-00-00-00-00-00-00-00-00-00-00-00-00-00-00-00-00-00-00-00-00-00-00-00-00-00-00-00-00-00
[20:47:01:857][No HID connection][System.Exception]
[20:47:01:857]   at TwsTester.hid.HID.mxtech_write(Byte hid_cmd, Byte[] param)
[20:47:01:857]CloseHandleX
[20:47:02:667]MXIC_GetMode_IsAPP
[20:47:02:667][HID_TX]01-40-00-00-00-00-00-00-00-00-00-00-00-00-00-00-00-00-00-00-00-00-00-00-00-00-00-00-00-00-00-00-00-00-00-00-00-00-00-00-00-00-00-00-00-00-00-00-00-00-00-00-00-00-00-00-00-00-00-00-00-00-00-00
[20:47:02:667][No HID connection][System.Exception]
[20:47:02:667]   at TwsTester.hid.HID.mxtech_write(Byte hid_cmd, Byte[] param)
[20:47:02:667]CloseHandleX
[20:47:03:481]MXIC_GetMode_IsAPP
[20:47:03:481][HID_TX]01-40-00-00-00-00-00-00-00-00-00-00-00-00-00-00-00-00-00-00-00-00-00-00-00-00-00-00-00-00-00-00-00-00-00-00-00-00-00-00-00-00-00-00-00-00-00-00-00-00-00-00-00-00-00-00-00-00-00-00-00-00-00-00
[20:47:03:481][No HID connection][System.Exception]
[20:47:03:481]   at TwsTester.hid.HID.mxtech_write(Byte hid_cmd, Byte[] param)
[20:47:03:481]CloseHandleX
[20:47:04:289]MXIC_GetMode_IsAPP
[20:47:04:289][HID_TX]01-40-00-00-00-00-00-00-00-00-00-00-00-00-00-00-00-00-00-00-00-00-00-00-00-00-00-00-00-00-00-00-00-00-00-00-00-00-00-00-00-00-00-00-00-00-00-00-00-00-00-00-00-00-00-00-00-00-00-00-00-00-00-00
[20:47:04:289][No HID connection][System.Exception]
[20:47:04:289]   at TwsTester.hid.HID.mxtech_write(Byte hid_cmd, Byte[] param)
[20:47:04:289]CloseHandleX
[20:47:05:099]MXIC_GetMode_IsAPP
[20:47:05:099][HID_TX]01-40-00-00-00-00-00-00-00-00-00-00-00-00-00-00-00-00-00-00-00-00-00-00-00-00-00-00-00-00-00-00-00-00-00-00-00-00-00-00-00-00-00-00-00-00-00-00-00-00-00-00-00-00-00-00-00-00-00-00-00-00-00-00
[20:47:05:099][No HID connection][System.Exception]
[20:47:05:099]   at TwsTester.hid.HID.mxtech_write(Byte hid_cmd, Byte[] param)
[20:47:05:099]CloseHandleX
[20:47:05:906]MXIC_GetMode_IsAPP
[20:47:05:906][HID_TX]01-40-00-00-00-00-00-00-00-00-00-00-00-00-00-00-00-00-00-00-00-00-00-00-00-00-00-00-00-00-00-00-00-00-00-00-00-00-00-00-00-00-00-00-00-00-00-00-00-00-00-00-00-00-00-00-00-00-00-00-00-00-00-00
[20:47:05:906][No HID connection][System.Exception]
[20:47:05:906]   at TwsTester.hid.HID.mxtech_write(Byte hid_cmd, Byte[] param)
[20:47:05:906]CloseHandleX
[20:47:06:722]MXIC_GetMode_IsAPP
[20:47:06:722][HID_TX]01-40-00-00-00-00-00-00-00-00-00-00-00-00-00-00-00-00-00-00-00-00-00-00-00-00-00-00-00-00-00-00-00-00-00-00-00-00-00-00-00-00-00-00-00-00-00-00-00-00-00-00-00-00-00-00-00-00-00-00-00-00-00-00
[20:47:06:722][No HID connection][System.Exception]
[20:47:06:722]   at TwsTester.hid.HID.mxtech_write(Byte hid_cmd, Byte[] param)
[20:47:06:722]CloseHandleX
[20:47:07:534]MXIC_GetMode_IsAPP
[20:47:07:534][HID_TX]01-40-00-00-00-00-00-00-00-00-00-00-00-00-00-00-00-00-00-00-00-00-00-00-00-00-00-00-00-00-00-00-00-00-00-00-00-00-00-00-00-00-00-00-00-00-00-00-00-00-00-00-00-00-00-00-00-00-00-00-00-00-00-00
[20:47:07:534][No HID connection][System.Exception]
[20:47:07:534]   at TwsTester.hid.HID.mxtech_write(Byte hid_cmd, Byte[] param)
[20:47:07:534]CloseHandleX
[20:47:08:342]MXIC_GetMode_IsAPP
[20:47:08:342][HID_TX]01-40-00-00-00-00-00-00-00-00-00-00-00-00-00-00-00-00-00-00-00-00-00-00-00-00-00-00-00-00-00-00-00-00-00-00-00-00-00-00-00-00-00-00-00-00-00-00-00-00-00-00-00-00-00-00-00-00-00-00-00-00-00-00
[20:47:08:342][No HID connection][System.Exception]
[20:47:08:342]   at TwsTester.hid.HID.mxtech_write(Byte hid_cmd, Byte[] param)
[20:47:08:342]CloseHandleX
[20:47:09:156]MXIC_GetMode_IsAPP
[20:47:09:156][HID_TX]01-40-00-00-00-00-00-00-00-00-00-00-00-00-00-00-00-00-00-00-00-00-00-00-00-00-00-00-00-00-00-00-00-00-00-00-00-00-00-00-00-00-00-00-00-00-00-00-00-00-00-00-00-00-00-00-00-00-00-00-00-00-00-00
[20:47:09:156][No HID connection][System.Exception]
[20:47:09:156]   at TwsTester.hid.HID.mxtech_write(Byte hid_cmd, Byte[] param)
[20:47:09:156]CloseHandleX
[20:47:09:968]MXIC_GetMode_IsAPP
[20:47:09:968][HID_TX]01-40-00-00-00-00-00-00-00-00-00-00-00-00-00-00-00-00-00-00-00-00-00-00-00-00-00-00-00-00-00-00-00-00-00-00-00-00-00-00-00-00-00-00-00-00-00-00-00-00-00-00-00-00-00-00-00-00-00-00-00-00-00-00
[20:47:09:968][No HID connection][System.Exception]
[20:47:09:968]   at TwsTester.hid.HID.mxtech_write(Byte hid_cmd, Byte[] param)
[20:47:09:968]CloseHandleX
[20:47:10:777]MXIC_GetMode_IsAPP
[20:47:10:777][HID_TX]01-40-00-00-00-00-00-00-00-00-00-00-00-00-00-00-00-00-00-00-00-00-00-00-00-00-00-00-00-00-00-00-00-00-00-00-00-00-00-00-00-00-00-00-00-00-00-00-00-00-00-00-00-00-00-00-00-00-00-00-00-00-00-00
[20:47:10:777][No HID connection][System.Exception]
[20:47:10:777]   at TwsTester.hid.HID.mxtech_write(Byte hid_cmd, Byte[] param)
[20:47:10:777]CloseHandleX
[20:47:11:591]MXIC_GetMode_IsAPP
[20:47:11:591][HID_TX]01-40-00-00-00-00-00-00-00-00-00-00-00-00-00-00-00-00-00-00-00-00-00-00-00-00-00-00-00-00-00-00-00-00-00-00-00-00-00-00-00-00-00-00-00-00-00-00-00-00-00-00-00-00-00-00-00-00-00-00-00-00-00-00
[20:47:11:591][No HID connection][System.Exception]
[20:47:11:591]   at TwsTester.hid.HID.mxtech_write(Byte hid_cmd, Byte[] param)
[20:47:11:591]CloseHandleX
[20:47:12:400]MXIC_GetMode_IsAPP
[20:47:12:400][HID_TX]01-40-00-00-00-00-00-00-00-00-00-00-00-00-00-00-00-00-00-00-00-00-00-00-00-00-00-00-00-00-00-00-00-00-00-00-00-00-00-00-00-00-00-00-00-00-00-00-00-00-00-00-00-00-00-00-00-00-00-00-00-00-00-00
[20:47:12:400][No HID connection][System.Exception]
[20:47:12:400]   at TwsTester.hid.HID.mxtech_write(Byte hid_cmd, Byte[] param)
[20:47:12:400]CloseHandleX
[20:47:13:208]MXIC_GetMode_IsAPP
[20:47:13:208][HID_TX]01-40-00-00-00-00-00-00-00-00-00-00-00-00-00-00-00-00-00-00-00-00-00-00-00-00-00-00-00-00-00-00-00-00-00-00-00-00-00-00-00-00-00-00-00-00-00-00-00-00-00-00-00-00-00-00-00-00-00-00-00-00-00-00
[20:47:13:208][No HID connection][System.Exception]
[20:47:13:208]   at TwsTester.hid.HID.mxtech_write(Byte hid_cmd, Byte[] param)
[20:47:13:208]CloseHandleX
[20:47:14:020]MXIC_GetMode_IsAPP
[20:47:14:020][HID_TX]01-40-00-00-00-00-00-00-00-00-00-00-00-00-00-00-00-00-00-00-00-00-00-00-00-00-00-00-00-00-00-00-00-00-00-00-00-00-00-00-00-00-00-00-00-00-00-00-00-00-00-00-00-00-00-00-00-00-00-00-00-00-00-00
[20:47:14:020][No HID connection][System.Exception]
[20:47:14:020]   at TwsTester.hid.HID.mxtech_write(Byte hid_cmd, Byte[] param)
[20:47:14:020]CloseHandleX
[20:47:14:831]MXIC_GetMode_IsAPP
[20:47:14:831][HID_TX]01-40-00-00-00-00-00-00-00-00-00-00-00-00-00-00-00-00-00-00-00-00-00-00-00-00-00-00-00-00-00-00-00-00-00-00-00-00-00-00-00-00-00-00-00-00-00-00-00-00-00-00-00-00-00-00-00-00-00-00-00-00-00-00
[20:47:14:831][No HID connection][System.Exception]
[20:47:14:831]   at TwsTester.hid.HID.mxtech_write(Byte hid_cmd, Byte[] param)
[20:47:14:831]CloseHandleX
